[2025-09-17T07:14:53.835Z] WARN: HTTP Request Warning
{
  "requestId": "8kchhiewibm",
  "method": "POST",
  "url": "/register",
  "statusCode": 400,
  "duration": "3ms",
  "userAgent": "PostmanRuntime/7.46.0",
  "ip": "::1",
  "userId": "anonymous"
}

[2025-09-17T07:15:09.283Z] WARN: HTTP Request Warning
{
  "requestId": "mrfffh0nte",
  "method": "POST",
  "url": "/register",
  "statusCode": 400,
  "duration": "1ms",
  "userAgent": "PostmanRuntime/7.46.0",
  "ip": "::1",
  "userId": "anonymous"
}

[2025-09-17T07:17:12.043Z] WARN: HTTP Request Warning
{
  "requestId": "9v80t6f3gi4",
  "method": "POST",
  "url": "/register",
  "statusCode": 500,
  "duration": "153ms",
  "userAgent": "PostmanRuntime/7.46.0",
  "ip": "::1",
  "userId": "anonymous"
}

[2025-09-17T07:28:14.017Z] WARN: HTTP Request Warning
{
  "requestId": "823k3pbo1j3",
  "method": "POST",
  "url": "/login",
  "statusCode": 400,
  "duration": "2ms",
  "userAgent": "PostmanRuntime/7.46.0",
  "ip": "::1",
  "userId": "anonymous"
}

[2025-09-17T07:28:30.466Z] WARN: HTTP Request Warning
{
  "requestId": "y8f49hquac",
  "method": "POST",
  "url": "/",
  "statusCode": 403,
  "duration": "6ms",
  "userAgent": "PostmanRuntime/7.46.0",
  "ip": "::1",
  "userId": 1
}

[2025-09-17T07:29:17.457Z] WARN: Route not found
{
  "method": "POST",
  "url": "/api/register",
  "ip": "::1",
  "userAgent": "PostmanRuntime/7.46.0"
}

[2025-09-17T07:29:17.459Z] WARN: HTTP Request Warning
{
  "requestId": "u6s2ed1wdop",
  "method": "POST",
  "url": "/api/register",
  "statusCode": 404,
  "duration": "2ms",
  "userAgent": "PostmanRuntime/7.46.0",
  "ip": "::1",
  "userId": "anonymous"
}

[2025-09-17T07:31:02.168Z] WARN: HTTP Request Warning
{
  "requestId": "o6owiv41lp",
  "method": "POST",
  "url": "/login",
  "statusCode": 400,
  "duration": "1ms",
  "userAgent": "PostmanRuntime/7.46.0",
  "ip": "::1",
  "userId": "anonymous"
}

[2025-09-17T07:31:18.412Z] WARN: HTTP Request Warning
{
  "requestId": "vwed8of9dv",
  "method": "POST",
  "url": "/login",
  "statusCode": 401,
  "duration": "3ms",
  "userAgent": "PostmanRuntime/7.46.0",
  "ip": "::1",
  "userId": "anonymous"
}

[2025-09-17T07:31:37.600Z] WARN: HTTP Request Warning
{
  "requestId": "4heilfqv3mm",
  "method": "POST",
  "url": "/login",
  "statusCode": 401,
  "duration": "2ms",
  "userAgent": "PostmanRuntime/7.46.0",
  "ip": "::1",
  "userId": "anonymous"
}

[2025-09-17T07:31:46.334Z] WARN: HTTP Request Warning
{
  "requestId": "tetqjtiz16",
  "method": "POST",
  "url": "/login",
  "statusCode": 401,
  "duration": "1ms",
  "userAgent": "PostmanRuntime/7.46.0",
  "ip": "::1",
  "userId": "anonymous"
}

[2025-09-17T07:31:59.501Z] WARN: HTTP Request Warning
{
  "requestId": "nmm61s6eaa",
  "method": "POST",
  "url": "/login",
  "statusCode": 401,
  "duration": "2ms",
  "userAgent": "PostmanRuntime/7.46.0",
  "ip": "::1",
  "userId": "anonymous"
}

[2025-09-17T07:32:32.607Z] WARN: HTTP Request Warning
{
  "requestId": "ggrk2kwfzn",
  "method": "POST",
  "url": "/login",
  "statusCode": 429,
  "duration": "1ms",
  "userAgent": "PostmanRuntime/7.46.0",
  "ip": "::1",
  "userId": "anonymous"
}

[2025-09-17T07:33:36.358Z] WARN: HTTP Request Warning
{
  "requestId": "m861dm21d9p",
  "method": "POST",
  "url": "/register",
  "statusCode": 409,
  "duration": "15ms",
  "userAgent": "PostmanRuntime/7.46.0",
  "ip": "::1",
  "userId": "anonymous"
}

[2025-09-17T07:34:56.999Z] WARN: HTTP Request Warning
{
  "requestId": "65hhqfnfh4u",
  "method": "POST",
  "url": "/purchase",
  "statusCode": 404,
  "duration": "10ms",
  "userAgent": "PostmanRuntime/7.46.0",
  "ip": "::1",
  "userId": 1
}

[2025-09-17T07:35:06.056Z] WARN: Route not found
{
  "method": "GET",
  "url": "/",
  "ip": "::1",
  "userAgent": "Mozilla/5.0 (Windows NT 10.0; Win64; x64) AppleWebKit/537.36 (KHTML, like Gecko) Chrome/140.0.0.0 Safari/537.36"
}

[2025-09-17T07:35:06.059Z] WARN: HTTP Request Warning
{
  "requestId": "jspnntw2ef",
  "method": "GET",
  "url": "/",
  "statusCode": 404,
  "duration": "3ms",
  "userAgent": "Mozilla/5.0 (Windows NT 10.0; Win64; x64) AppleWebKit/537.36 (KHTML, like Gecko) Chrome/140.0.0.0 Safari/537.36",
  "ip": "::1",
  "userId": "anonymous"
}

[2025-09-17T07:36:18.227Z] WARN: HTTP Request Warning
{
  "requestId": "jk8lfujn9oq",
  "method": "POST",
  "url": "/purchase",
  "statusCode": 404,
  "duration": "6ms",
  "userAgent": "PostmanRuntime/7.46.0",
  "ip": "::1",
  "userId": 1
}

[2025-09-19T01:55:20.566Z] WARN: HTTP Request Warning
{
  "requestId": "62ynxr6hf3i",
  "method": "POST",
  "url": "/login",
  "statusCode": 401,
  "duration": "5ms",
  "userAgent": "Mozilla/5.0 (Windows NT 10.0; Win64; x64) AppleWebKit/537.36 (KHTML, like Gecko) Chrome/140.0.0.0 Safari/537.36",
  "ip": "::1",
  "userId": "anonymous"
}

[2025-09-19T01:58:07.769Z] WARN: Route not found
{
  "method": "POST",
  "url": "/auth/login",
  "ip": "::1",
  "userAgent": "PostmanRuntime/7.46.1"
}

[2025-09-19T01:58:07.869Z] WARN: HTTP Request Warning
{
  "requestId": "nmo0opc2t1",
  "method": "POST",
  "url": "/auth/login",
  "statusCode": 404,
  "duration": "103ms",
  "userAgent": "PostmanRuntime/7.46.1",
  "ip": "::1",
  "userId": "anonymous"
}

[2025-09-19T01:58:15.915Z] WARN: HTTP Request Warning
{
  "requestId": "blku1ogf76r",
  "method": "POST",
  "url": "/login",
  "statusCode": 500,
  "duration": "219ms",
  "userAgent": "PostmanRuntime/7.46.1",
  "ip": "::1",
  "userId": "anonymous"
}

[2025-09-19T02:05:50.157Z] WARN: HTTP Request Warning
{
  "requestId": "ebg0cj4qtgo",
  "method": "POST",
  "url": "/login",
  "statusCode": 401,
  "duration": "6ms",
  "userAgent": "Mozilla/5.0 (Windows NT 10.0; Win64; x64) AppleWebKit/537.36 (KHTML, like Gecko) Chrome/140.0.0.0 Safari/537.36",
  "ip": "::1",
  "userId": "anonymous"
}

[2025-09-19T02:23:32.313Z] WARN: HTTP Request Warning
{
  "requestId": "e6d4cvkt3vb",
  "method": "POST",
  "url": "/login",
  "statusCode": 401,
  "duration": "4ms",
  "userAgent": "Mozilla/5.0 (Windows NT 10.0; Win64; x64) AppleWebKit/537.36 (KHTML, like Gecko) Chrome/140.0.0.0 Safari/537.36",
  "ip": "::1",
  "userId": "anonymous"
}

[2025-09-19T02:23:33.906Z] WARN: HTTP Request Warning
{
  "requestId": "9ojvn5hmtcs",
  "method": "POST",
  "url": "/login",
  "statusCode": 401,
  "duration": "5ms",
  "userAgent": "Mozilla/5.0 (Windows NT 10.0; Win64; x64) AppleWebKit/537.36 (KHTML, like Gecko) Chrome/140.0.0.0 Safari/537.36",
  "ip": "::1",
  "userId": "anonymous"
}

[2025-09-19T02:46:07.024Z] WARN: HTTP Request Warning
{
  "requestId": "9o00lrn2k65",
  "method": "POST",
  "url": "/login",
  "statusCode": 500,
  "duration": "18ms",
  "userAgent": "PostmanRuntime/7.46.1",
  "ip": "::1",
  "userId": "anonymous"
}

[2025-09-19T02:46:08.667Z] WARN: HTTP Request Warning
{
  "requestId": "4kggvfqjgsi",
  "method": "POST",
  "url": "/login",
  "statusCode": 500,
  "duration": "5ms",
  "userAgent": "PostmanRuntime/7.46.1",
  "ip": "::1",
  "userId": "anonymous"
}

[2025-09-19T02:46:18.820Z] WARN: HTTP Request Warning
{
  "requestId": "zp4i81qyv9g",
  "method": "POST",
  "url": "/login",
  "statusCode": 500,
  "duration": "2ms",
  "userAgent": "PostmanRuntime/7.46.1",
  "ip": "::1",
  "userId": "anonymous"
}

[2025-09-19T02:46:20.572Z] WARN: HTTP Request Warning
{
  "requestId": "f4xxwf676yq",
  "method": "POST",
  "url": "/login",
  "statusCode": 500,
  "duration": "3ms",
  "userAgent": "PostmanRuntime/7.46.1",
  "ip": "::1",
  "userId": "anonymous"
}

[2025-09-19T02:46:34.435Z] WARN: HTTP Request Warning
{
  "requestId": "vvgkkebe1i8",
  "method": "POST",
  "url": "/login",
  "statusCode": 500,
  "duration": "3ms",
  "userAgent": "PostmanRuntime/7.46.1",
  "ip": "::1",
  "userId": "anonymous"
}

[2025-09-19T02:50:17.646Z] WARN: HTTP Request Warning
{
  "requestId": "1hncbljq323",
  "method": "POST",
  "url": "/login",
  "statusCode": 429,
  "duration": "10ms",
  "userAgent": "PostmanRuntime/7.46.1",
  "ip": "::1",
  "userId": "anonymous"
}

[2025-09-19T02:52:39.650Z] WARN: HTTP Request Warning
{
  "requestId": "ui8dqnl8c5s",
  "method": "POST",
  "url": "/login",
  "statusCode": 500,
  "duration": "16ms",
  "userAgent": "PostmanRuntime/7.46.1",
  "ip": "::1",
  "userId": "anonymous"
}

[2025-09-19T02:53:59.962Z] WARN: Route not found
{
  "method": "POST",
  "url": "/",
  "ip": "::1",
  "userAgent": "PostmanRuntime/7.46.1"
}

[2025-09-19T02:53:59.968Z] WARN: HTTP Request Warning
{
  "requestId": "3ese1stzts8",
  "method": "POST",
  "url": "/",
  "statusCode": 404,
  "duration": "6ms",
  "userAgent": "PostmanRuntime/7.46.1",
  "ip": "::1",
  "userId": "anonymous"
}

[2025-09-19T02:54:04.979Z] WARN: Route not found
{
  "method": "GET",
  "url": "/",
  "ip": "::1",
  "userAgent": "PostmanRuntime/7.46.1"
}

[2025-09-19T02:54:04.982Z] WARN: HTTP Request Warning
{
  "requestId": "3zvt4kzvika",
  "method": "GET",
  "url": "/",
  "statusCode": 404,
  "duration": "3ms",
  "userAgent": "PostmanRuntime/7.46.1",
  "ip": "::1",
  "userId": "anonymous"
}

[2025-09-19T02:54:17.870Z] WARN: Route not found
{
  "method": "GET",
  "url": "/api/auth/login",
  "ip": "::1",
  "userAgent": "Mozilla/5.0 (Windows NT 10.0; Win64; x64) AppleWebKit/537.36 (KHTML, like Gecko) Chrome/140.0.0.0 Safari/537.36 Edg/140.0.0.0"
}

[2025-09-19T02:54:17.875Z] WARN: HTTP Request Warning
{
  "requestId": "nu4zdvblqdo",
  "method": "GET",
  "url": "/api/auth/login",
  "statusCode": 404,
  "duration": "6ms",
  "userAgent": "Mozilla/5.0 (Windows NT 10.0; Win64; x64) AppleWebKit/537.36 (KHTML, like Gecko) Chrome/140.0.0.0 Safari/537.36 Edg/140.0.0.0",
  "ip": "::1",
  "userId": "anonymous"
}

[2025-09-19T02:54:18.292Z] WARN: Route not found
{
  "method": "GET",
  "url": "/favicon.ico",
  "ip": "::1",
  "userAgent": "Mozilla/5.0 (Windows NT 10.0; Win64; x64) AppleWebKit/537.36 (KHTML, like Gecko) Chrome/140.0.0.0 Safari/537.36 Edg/140.0.0.0"
}

[2025-09-19T02:54:18.297Z] WARN: HTTP Request Warning
{
  "requestId": "vewp926ckx",
  "method": "GET",
  "url": "/favicon.ico",
  "statusCode": 404,
  "duration": "6ms",
  "userAgent": "Mozilla/5.0 (Windows NT 10.0; Win64; x64) AppleWebKit/537.36 (KHTML, like Gecko) Chrome/140.0.0.0 Safari/537.36 Edg/140.0.0.0",
  "ip": "::1",
  "userId": "anonymous"
}

[2025-09-19T02:54:41.191Z] WARN: HTTP Request Warning
{
  "requestId": "vby9rehcg9f",
  "method": "POST",
  "url": "/login",
  "statusCode": 500,
  "duration": "13ms",
  "userAgent": "PostmanRuntime/7.46.1",
  "ip": "::1",
  "userId": "anonymous"
}

[2025-09-19T03:30:01.494Z] WARN: HTTP Request Warning
{
  "requestId": "p0jtkcfsmnd",
  "method": "GET",
  "url": "/admin/all?limit=100",
  "statusCode": 500,
  "duration": "130ms",
  "userAgent": "Mozilla/5.0 (Windows NT 10.0; Win64; x64) AppleWebKit/537.36 (KHTML, like Gecko) Chrome/140.0.0.0 Safari/537.36",
  "ip": "::1",
  "userId": 2
}

[2025-09-19T03:30:01.530Z] WARN: HTTP Request Warning
{
  "requestId": "ux1cu5liric",
  "method": "GET",
  "url": "/admin/all?limit=100",
  "statusCode": 500,
  "duration": "15ms",
  "userAgent": "Mozilla/5.0 (Windows NT 10.0; Win64; x64) AppleWebKit/537.36 (KHTML, like Gecko) Chrome/140.0.0.0 Safari/537.36",
  "ip": "::1",
  "userId": 2
}

[2025-09-19T03:30:16.981Z] WARN: HTTP Request Warning
{
  "requestId": "0xucxg5r67ll",
  "method": "GET",
  "url": "/admin/all?limit=100",
  "statusCode": 500,
  "duration": "20ms",
  "userAgent": "Mozilla/5.0 (Windows NT 10.0; Win64; x64) AppleWebKit/537.36 (KHTML, like Gecko) Chrome/140.0.0.0 Safari/537.36",
  "ip": "::1",
  "userId": 2
}

[2025-09-19T03:30:35.291Z] WARN: HTTP Request Warning
{
  "requestId": "jtisyi2qrcq",
  "method": "GET",
  "url": "/admin/all?limit=100",
  "statusCode": 500,
  "duration": "10ms",
  "userAgent": "Mozilla/5.0 (Windows NT 10.0; Win64; x64) AppleWebKit/537.36 (KHTML, like Gecko) Chrome/140.0.0.0 Safari/537.36",
  "ip": "::1",
  "userId": 2
}

[2025-09-19T03:30:35.306Z] WARN: HTTP Request Warning
{
  "requestId": "bh8kvx8nlqi",
  "method": "GET",
  "url": "/admin/all?limit=100",
  "statusCode": 500,
  "duration": "5ms",
  "userAgent": "Mozilla/5.0 (Windows NT 10.0; Win64; x64) AppleWebKit/537.36 (KHTML, like Gecko) Chrome/140.0.0.0 Safari/537.36",
  "ip": "::1",
  "userId": 2
}

[2025-09-19T03:32:00.388Z] WARN: HTTP Request Warning
{
  "requestId": "i5z870ide5r",
  "method": "GET",
  "url": "/admin/all?limit=100",
  "statusCode": 500,
  "duration": "9ms",
  "userAgent": "Mozilla/5.0 (Windows NT 10.0; Win64; x64) AppleWebKit/537.36 (KHTML, like Gecko) Chrome/140.0.0.0 Safari/537.36",
  "ip": "::1",
  "userId": 2
}

[2025-09-19T03:32:00.405Z] WARN: HTTP Request Warning
{
  "requestId": "hgm7oxdn8sb",
  "method": "GET",
  "url": "/admin/all?limit=100",
  "statusCode": 500,
  "duration": "9ms",
  "userAgent": "Mozilla/5.0 (Windows NT 10.0; Win64; x64) AppleWebKit/537.36 (KHTML, like Gecko) Chrome/140.0.0.0 Safari/537.36",
  "ip": "::1",
  "userId": 2
}

[2025-09-19T03:32:10.512Z] WARN: HTTP Request Warning
{
  "requestId": "xdeqofyjmiq",
  "method": "GET",
  "url": "/admin/all?limit=100",
  "statusCode": 500,
  "duration": "9ms",
  "userAgent": "Mozilla/5.0 (Windows NT 10.0; Win64; x64) AppleWebKit/537.36 (KHTML, like Gecko) Chrome/140.0.0.0 Safari/537.36",
  "ip": "::1",
  "userId": 2
}

[2025-09-19T03:32:34.328Z] WARN: HTTP Request Warning
{
  "requestId": "z6xvr4pz1ae",
  "method": "GET",
  "url": "/admin/all?limit=100",
  "statusCode": 500,
  "duration": "10ms",
  "userAgent": "Mozilla/5.0 (Windows NT 10.0; Win64; x64) AppleWebKit/537.36 (KHTML, like Gecko) Chrome/140.0.0.0 Safari/537.36",
  "ip": "::1",
  "userId": 2
}

[2025-09-19T03:32:34.348Z] WARN: HTTP Request Warning
{
  "requestId": "4hjz7mmdabj",
  "method": "GET",
  "url": "/admin/all?limit=100",
  "statusCode": 500,
  "duration": "11ms",
  "userAgent": "Mozilla/5.0 (Windows NT 10.0; Win64; x64) AppleWebKit/537.36 (KHTML, like Gecko) Chrome/140.0.0.0 Safari/537.36",
  "ip": "::1",
  "userId": 2
}

[2025-09-19T03:33:38.720Z] WARN: HTTP Request Warning
{
  "requestId": "q46m2q8xcxm",
  "method": "GET",
  "url": "/admin/my-projects",
  "statusCode": 403,
  "duration": "3ms",
  "userAgent": "Mozilla/5.0 (Windows NT 10.0; Win64; x64) AppleWebKit/537.36 (KHTML, like Gecko) Chrome/140.0.0.0 Safari/537.36",
  "ip": "::1",
  "userId": "anonymous"
}

[2025-09-19T03:33:38.798Z] WARN: HTTP Request Warning
{
  "requestId": "tndnorj8vd",
  "method": "GET",
  "url": "/admin/my-projects",
  "statusCode": 403,
  "duration": "18ms",
  "userAgent": "Mozilla/5.0 (Windows NT 10.0; Win64; x64) AppleWebKit/537.36 (KHTML, like Gecko) Chrome/140.0.0.0 Safari/537.36",
  "ip": "::1",
  "userId": "anonymous"
}

[2025-09-19T03:33:52.285Z] WARN: HTTP Request Warning
{
  "requestId": "7ctpdkbbjn4",
  "method": "GET",
  "url": "/my-profits?projectId=PROJECT_1758094236622_c44443be",
  "statusCode": 403,
  "duration": "0ms",
  "userAgent": "Mozilla/5.0 (Windows NT 10.0; Win64; x64) AppleWebKit/537.36 (KHTML, like Gecko) Chrome/140.0.0.0 Safari/537.36",
  "ip": "::1",
  "userId": "anonymous"
}

[2025-09-19T03:33:52.290Z] WARN: HTTP Request Warning
{
  "requestId": "z7ilsczib1",
  "method": "GET",
  "url": "/my-profits?projectId=PROJECT_1758094236622_c44443be",
  "statusCode": 403,
  "duration": "2ms",
  "userAgent": "Mozilla/5.0 (Windows NT 10.0; Win64; x64) AppleWebKit/537.36 (KHTML, like Gecko) Chrome/140.0.0.0 Safari/537.36",
  "ip": "::1",
  "userId": "anonymous"
}

[2025-09-19T03:33:55.933Z] WARN: HTTP Request Warning
{
  "requestId": "1t1htphzaagh",
  "method": "GET",
  "url": "/admin/my-projects",
  "statusCode": 403,
  "duration": "1ms",
  "userAgent": "Mozilla/5.0 (Windows NT 10.0; Win64; x64) AppleWebKit/537.36 (KHTML, like Gecko) Chrome/140.0.0.0 Safari/537.36",
  "ip": "::1",
  "userId": "anonymous"
}

[2025-09-19T03:33:55.937Z] WARN: HTTP Request Warning
{
  "requestId": "ljqesrqyfz9",
  "method": "GET",
  "url": "/admin/my-projects",
  "statusCode": 403,
  "duration": "1ms",
  "userAgent": "Mozilla/5.0 (Windows NT 10.0; Win64; x64) AppleWebKit/537.36 (KHTML, like Gecko) Chrome/140.0.0.0 Safari/537.36",
  "ip": "::1",
  "userId": "anonymous"
}

[2025-09-19T03:34:03.563Z] WARN: HTTP Request Warning
{
  "requestId": "q4rfjpck3vb",
  "method": "GET",
  "url": "/admin/my-projects",
  "statusCode": 403,
  "duration": "1ms",
  "userAgent": "Mozilla/5.0 (Windows NT 10.0; Win64; x64) AppleWebKit/537.36 (KHTML, like Gecko) Chrome/140.0.0.0 Safari/537.36",
  "ip": "::1",
  "userId": "anonymous"
}

[2025-09-19T03:34:03.568Z] WARN: HTTP Request Warning
{
  "requestId": "i4ibznobz4",
  "method": "GET",
  "url": "/admin/my-projects",
  "statusCode": 403,
  "duration": "2ms",
  "userAgent": "Mozilla/5.0 (Windows NT 10.0; Win64; x64) AppleWebKit/537.36 (KHTML, like Gecko) Chrome/140.0.0.0 Safari/537.36",
  "ip": "::1",
  "userId": "anonymous"
}

[2025-09-19T03:38:08.663Z] WARN: HTTP Request Warning
{
  "requestId": "vd6wba113s",
  "method": "GET",
  "url": "/admin/all?limit=100",
  "statusCode": 500,
  "duration": "32ms",
  "userAgent": "Mozilla/5.0 (Windows NT 10.0; Win64; x64) AppleWebKit/537.36 (KHTML, like Gecko) Chrome/140.0.0.0 Safari/537.36",
  "ip": "::1",
  "userId": 2
}

[2025-09-19T03:38:27.180Z] WARN: HTTP Request Warning
{
  "requestId": "6p1bej4dime",
  "method": "GET",
  "url": "/admin/all?limit=100",
  "statusCode": 500,
  "duration": "8ms",
  "userAgent": "Mozilla/5.0 (Windows NT 10.0; Win64; x64) AppleWebKit/537.36 (KHTML, like Gecko) Chrome/140.0.0.0 Safari/537.36",
  "ip": "::1",
  "userId": 2
}

[2025-09-19T03:53:29.190Z] WARN: HTTP Request Warning
{
  "requestId": "rzb4evgxdpa",
  "method": "GET",
  "url": "/admin/all?limit=100",
  "statusCode": 500,
  "duration": "16ms",
  "userAgent": "Mozilla/5.0 (Windows NT 10.0; Win64; x64) AppleWebKit/537.36 (KHTML, like Gecko) Chrome/140.0.0.0 Safari/537.36",
  "ip": "::1",
  "userId": 2
}

[2025-09-19T03:53:29.209Z] WARN: HTTP Request Warning
{
  "requestId": "sepzn5llh4n",
  "method": "GET",
  "url": "/admin/all?limit=100",
  "statusCode": 500,
  "duration": "6ms",
  "userAgent": "Mozilla/5.0 (Windows NT 10.0; Win64; x64) AppleWebKit/537.36 (KHTML, like Gecko) Chrome/140.0.0.0 Safari/537.36",
  "ip": "::1",
  "userId": 2
}

[2025-09-19T03:53:35.577Z] WARN: HTTP Request Warning
{
  "requestId": "prbxxmdqsfg",
  "method": "GET",
  "url": "/admin/all?limit=100",
  "statusCode": 500,
  "duration": "6ms",
  "userAgent": "Mozilla/5.0 (Windows NT 10.0; Win64; x64) AppleWebKit/537.36 (KHTML, like Gecko) Chrome/140.0.0.0 Safari/537.36",
  "ip": "::1",
  "userId": 2
}

[2025-09-19T03:53:35.595Z] WARN: HTTP Request Warning
{
  "requestId": "orudhyszel",
  "method": "GET",
  "url": "/admin/all?limit=100",
  "statusCode": 500,
  "duration": "9ms",
  "userAgent": "Mozilla/5.0 (Windows NT 10.0; Win64; x64) AppleWebKit/537.36 (KHTML, like Gecko) Chrome/140.0.0.0 Safari/537.36",
  "ip": "::1",
  "userId": 2
}

[2025-09-19T03:55:52.503Z] WARN: HTTP Request Warning
{
  "requestId": "nbhoq5d9c8",
  "method": "GET",
  "url": "/admin/all?limit=100",
  "statusCode": 500,
  "duration": "8ms",
  "userAgent": "Mozilla/5.0 (Windows NT 10.0; Win64; x64) AppleWebKit/537.36 (KHTML, like Gecko) Chrome/140.0.0.0 Safari/537.36",
  "ip": "::1",
  "userId": 2
}

[2025-09-19T03:55:52.515Z] WARN: HTTP Request Warning
{
  "requestId": "0s7pzgz9w6n",
  "method": "GET",
  "url": "/admin/all?limit=100",
  "statusCode": 500,
  "duration": "7ms",
  "userAgent": "Mozilla/5.0 (Windows NT 10.0; Win64; x64) AppleWebKit/537.36 (KHTML, like Gecko) Chrome/140.0.0.0 Safari/537.36",
  "ip": "::1",
  "userId": 2
}

[2025-09-19T04:05:18.620Z] WARN: HTTP Request Warning
{
  "requestId": "s66ctqe7q6l",
  "method": "GET",
  "url": "/admin/all?limit=100",
  "statusCode": 500,
  "duration": "8ms",
  "userAgent": "Mozilla/5.0 (Windows NT 10.0; Win64; x64) AppleWebKit/537.36 (KHTML, like Gecko) Chrome/140.0.0.0 Safari/537.36",
  "ip": "::1",
  "userId": 2
}

[2025-09-19T04:05:18.635Z] WARN: HTTP Request Warning
{
  "requestId": "2c981vfzssk",
  "method": "GET",
  "url": "/admin/all?limit=100",
  "statusCode": 500,
  "duration": "9ms",
  "userAgent": "Mozilla/5.0 (Windows NT 10.0; Win64; x64) AppleWebKit/537.36 (KHTML, like Gecko) Chrome/140.0.0.0 Safari/537.36",
  "ip": "::1",
  "userId": 2
}

[2025-09-19T04:14:07.454Z] WARN: HTTP Request Warning
{
  "requestId": "bgj036dzdza",
  "method": "GET",
  "url": "/admin/my-projects",
  "statusCode": 403,
  "duration": "1ms",
  "userAgent": "Mozilla/5.0 (Windows NT 10.0; Win64; x64) AppleWebKit/537.36 (KHTML, like Gecko) Chrome/140.0.0.0 Safari/537.36",
  "ip": "::1",
  "userId": "anonymous"
}

[2025-09-19T04:14:07.475Z] WARN: HTTP Request Warning
{
  "requestId": "nk2t2m1wi7q",
  "method": "GET",
  "url": "/admin/my-projects",
  "statusCode": 403,
  "duration": "3ms",
  "userAgent": "Mozilla/5.0 (Windows NT 10.0; Win64; x64) AppleWebKit/537.36 (KHTML, like Gecko) Chrome/140.0.0.0 Safari/537.36",
  "ip": "::1",
  "userId": "anonymous"
}

[2025-09-19T04:27:30.765Z] WARN: HTTP Request Warning
{
  "requestId": "ysdnrt0fb8m",
  "method": "GET",
  "url": "/admin/all?limit=100",
  "statusCode": 500,
  "duration": "57ms",
  "userAgent": "Mozilla/5.0 (Windows NT 10.0; Win64; x64) AppleWebKit/537.36 (KHTML, like Gecko) Chrome/140.0.0.0 Safari/537.36",
  "ip": "::1",
  "userId": 2
}

[2025-09-19T04:27:30.777Z] WARN: HTTP Request Warning
{
  "requestId": "85xvjmt9w1",
  "method": "GET",
  "url": "/admin/all?limit=100",
  "statusCode": 500,
  "duration": "6ms",
  "userAgent": "Mozilla/5.0 (Windows NT 10.0; Win64; x64) AppleWebKit/537.36 (KHTML, like Gecko) Chrome/140.0.0.0 Safari/537.36",
  "ip": "::1",
  "userId": 2
}

[2025-09-19T04:27:32.283Z] WARN: HTTP Request Warning
{
  "requestId": "odh8zv84qnb",
  "method": "GET",
  "url": "/admin/all?limit=100",
  "statusCode": 500,
  "duration": "7ms",
  "userAgent": "Mozilla/5.0 (Windows NT 10.0; Win64; x64) AppleWebKit/537.36 (KHTML, like Gecko) Chrome/140.0.0.0 Safari/537.36",
  "ip": "::1",
  "userId": 2
}

[2025-09-19T04:29:02.691Z] WARN: HTTP Request Warning
{
  "requestId": "spgqk28fuu",
  "method": "GET",
  "url": "/admin/all?limit=100",
  "statusCode": 500,
  "duration": "24ms",
  "userAgent": "Mozilla/5.0 (Windows NT 10.0; Win64; x64) AppleWebKit/537.36 (KHTML, like Gecko) Chrome/140.0.0.0 Safari/537.36",
  "ip": "::1",
  "userId": 2
}

[2025-09-19T04:29:02.749Z] WARN: HTTP Request Warning
{
  "requestId": "48we0ueofe8",
  "method": "GET",
  "url": "/admin/all?limit=100",
  "statusCode": 500,
  "duration": "7ms",
  "userAgent": "Mozilla/5.0 (Windows NT 10.0; Win64; x64) AppleWebKit/537.36 (KHTML, like Gecko) Chrome/140.0.0.0 Safari/537.36",
  "ip": "::1",
  "userId": 2
}

[2025-09-19T04:30:36.879Z] WARN: HTTP Request Warning
{
  "requestId": "1db7jprgh2b",
  "method": "POST",
  "url": "/login",
  "statusCode": 401,
  "duration": "16ms",
  "userAgent": "Mozilla/5.0 (Windows NT 10.0; Win64; x64) AppleWebKit/537.36 (KHTML, like Gecko) Chrome/140.0.0.0 Safari/537.36",
  "ip": "::1",
  "userId": "anonymous"
}

[2025-09-19T04:34:30.328Z] WARN: HTTP Request Warning
{
  "requestId": "iu9hc8menlc",
  "method": "GET",
  "url": "/admin/all?limit=100",
  "statusCode": 500,
  "duration": "14ms",
  "userAgent": "Mozilla/5.0 (Windows NT 10.0; Win64; x64) AppleWebKit/537.36 (KHTML, like Gecko) Chrome/140.0.0.0 Safari/537.36",
  "ip": "::1",
  "userId": 2
}

[2025-09-19T04:34:30.344Z] WARN: HTTP Request Warning
{
  "requestId": "odqy8f85k4g",
  "method": "GET",
  "url": "/admin/all?limit=100",
  "statusCode": 500,
  "duration": "10ms",
  "userAgent": "Mozilla/5.0 (Windows NT 10.0; Win64; x64) AppleWebKit/537.36 (KHTML, like Gecko) Chrome/140.0.0.0 Safari/537.36",
  "ip": "::1",
  "userId": 2
}

[2025-09-19T04:35:30.794Z] WARN: HTTP Request Warning
{
  "requestId": "1yh4bedfptf",
  "method": "GET",
  "url": "/admin/all?limit=100",
  "statusCode": 500,
  "duration": "8ms",
  "userAgent": "Mozilla/5.0 (Windows NT 10.0; Win64; x64) AppleWebKit/537.36 (KHTML, like Gecko) Chrome/140.0.0.0 Safari/537.36",
  "ip": "::1",
  "userId": 2
}

[2025-09-19T04:35:30.810Z] WARN: HTTP Request Warning
{
  "requestId": "0mn8ho4uwva",
  "method": "GET",
  "url": "/admin/all?limit=100",
  "statusCode": 500,
  "duration": "10ms",
  "userAgent": "Mozilla/5.0 (Windows NT 10.0; Win64; x64) AppleWebKit/537.36 (KHTML, like Gecko) Chrome/140.0.0.0 Safari/537.36",
  "ip": "::1",
  "userId": 2
}

[2025-09-19T04:35:43.228Z] WARN: HTTP Request Warning
{
  "requestId": "lqwbf86k0y",
  "method": "GET",
  "url": "/admin/my-projects",
  "statusCode": 403,
  "duration": "2ms",
  "userAgent": "Mozilla/5.0 (Windows NT 10.0; Win64; x64) AppleWebKit/537.36 (KHTML, like Gecko) Chrome/140.0.0.0 Safari/537.36",
  "ip": "::1",
  "userId": "anonymous"
}

[2025-09-19T04:35:43.231Z] WARN: HTTP Request Warning
{
  "requestId": "4rxqe81ug0r",
  "method": "GET",
  "url": "/admin/my-projects",
  "statusCode": 403,
  "duration": "1ms",
  "userAgent": "Mozilla/5.0 (Windows NT 10.0; Win64; x64) AppleWebKit/537.36 (KHTML, like Gecko) Chrome/140.0.0.0 Safari/537.36",
  "ip": "::1",
  "userId": "anonymous"
}

[2025-09-19T04:35:48.063Z] WARN: HTTP Request Warning
{
  "requestId": "aaviwpmd9ud",
  "method": "GET",
  "url": "/admin/my-projects",
  "statusCode": 403,
  "duration": "1ms",
  "userAgent": "Mozilla/5.0 (Windows NT 10.0; Win64; x64) AppleWebKit/537.36 (KHTML, like Gecko) Chrome/140.0.0.0 Safari/537.36",
  "ip": "::1",
  "userId": "anonymous"
}

[2025-09-19T04:35:48.070Z] WARN: HTTP Request Warning
{
  "requestId": "nsbyocq3jy",
  "method": "GET",
  "url": "/admin/my-projects",
  "statusCode": 403,
  "duration": "2ms",
  "userAgent": "Mozilla/5.0 (Windows NT 10.0; Win64; x64) AppleWebKit/537.36 (KHTML, like Gecko) Chrome/140.0.0.0 Safari/537.36",
  "ip": "::1",
  "userId": "anonymous"
}

[2025-09-19T04:35:51.849Z] WARN: HTTP Request Warning
{
  "requestId": "wgqnsbcmorm",
  "method": "GET",
  "url": "/admin/my-projects",
  "statusCode": 403,
  "duration": "1ms",
  "userAgent": "Mozilla/5.0 (Windows NT 10.0; Win64; x64) AppleWebKit/537.36 (KHTML, like Gecko) Chrome/140.0.0.0 Safari/537.36",
  "ip": "::1",
  "userId": "anonymous"
}

[2025-09-19T04:35:51.853Z] WARN: HTTP Request Warning
{
  "requestId": "dp5ca9tryks",
  "method": "GET",
  "url": "/admin/my-projects",
  "statusCode": 403,
  "duration": "1ms",
  "userAgent": "Mozilla/5.0 (Windows NT 10.0; Win64; x64) AppleWebKit/537.36 (KHTML, like Gecko) Chrome/140.0.0.0 Safari/537.36",
  "ip": "::1",
  "userId": "anonymous"
}

[2025-09-19T04:35:56.208Z] WARN: HTTP Request Warning
{
  "requestId": "wt3tvadjuxr",
  "method": "GET",
  "url": "/admin/all?limit=100",
  "statusCode": 500,
  "duration": "11ms",
  "userAgent": "Mozilla/5.0 (Windows NT 10.0; Win64; x64) AppleWebKit/537.36 (KHTML, like Gecko) Chrome/140.0.0.0 Safari/537.36",
  "ip": "::1",
  "userId": 2
}

[2025-09-19T04:35:56.226Z] WARN: HTTP Request Warning
{
  "requestId": "wuspc8ztkr",
  "method": "GET",
  "url": "/admin/all?limit=100",
  "statusCode": 500,
  "duration": "13ms",
  "userAgent": "Mozilla/5.0 (Windows NT 10.0; Win64; x64) AppleWebKit/537.36 (KHTML, like Gecko) Chrome/140.0.0.0 Safari/537.36",
  "ip": "::1",
  "userId": 2
}

[2025-09-19T06:37:53.144Z] WARN: HTTP Request Warning
{
  "requestId": "ihdi25hnwe",
  "method": "GET",
  "url": "/admin/all?limit=100",
  "statusCode": 500,
  "duration": "22ms",
  "userAgent": "Mozilla/5.0 (Windows NT 10.0; Win64; x64) AppleWebKit/537.36 (KHTML, like Gecko) Chrome/140.0.0.0 Safari/537.36",
  "ip": "::1",
  "userId": 2
}

[2025-09-19T06:37:53.159Z] WARN: HTTP Request Warning
{
  "requestId": "jko265oh8d",
  "method": "GET",
  "url": "/admin/all?limit=100",
  "statusCode": 500,
  "duration": "9ms",
  "userAgent": "Mozilla/5.0 (Windows NT 10.0; Win64; x64) AppleWebKit/537.36 (KHTML, like Gecko) Chrome/140.0.0.0 Safari/537.36",
  "ip": "::1",
  "userId": 2
}

[2025-09-19T06:40:44.541Z] WARN: HTTP Request Warning
{
  "requestId": "tkpyfzu485",
  "method": "GET",
  "url": "/admin/my-projects",
  "statusCode": 403,
  "duration": "5ms",
  "userAgent": "Mozilla/5.0 (Windows NT 10.0; Win64; x64) AppleWebKit/537.36 (KHTML, like Gecko) Chrome/140.0.0.0 Safari/537.36",
  "ip": "::1",
  "userId": "anonymous"
}

[2025-09-19T06:40:44.545Z] WARN: HTTP Request Warning
{
  "requestId": "i7muq6b3ia8",
  "method": "GET",
  "url": "/admin/my-projects",
  "statusCode": 403,
  "duration": "1ms",
  "userAgent": "Mozilla/5.0 (Windows NT 10.0; Win64; x64) AppleWebKit/537.36 (KHTML, like Gecko) Chrome/140.0.0.0 Safari/537.36",
  "ip": "::1",
  "userId": "anonymous"
}

[2025-09-19T06:41:02.286Z] WARN: HTTP Request Warning
{
  "requestId": "jb1eq92ui5a",
  "method": "GET",
  "url": "/my-profits?projectId=PROJECT_1758094236622_c44443be",
  "statusCode": 403,
  "duration": "1ms",
  "userAgent": "Mozilla/5.0 (Windows NT 10.0; Win64; x64) AppleWebKit/537.36 (KHTML, like Gecko) Chrome/140.0.0.0 Safari/537.36",
  "ip": "::1",
  "userId": "anonymous"
}

[2025-09-19T06:41:02.292Z] WARN: HTTP Request Warning
{
  "requestId": "40zc50zyx99",
  "method": "GET",
  "url": "/my-profits?projectId=PROJECT_1758094236622_c44443be",
  "statusCode": 403,
  "duration": "3ms",
  "userAgent": "Mozilla/5.0 (Windows NT 10.0; Win64; x64) AppleWebKit/537.36 (KHTML, like Gecko) Chrome/140.0.0.0 Safari/537.36",
  "ip": "::1",
  "userId": "anonymous"
}

[2025-09-19T06:41:29.955Z] WARN: HTTP Request Warning
{
  "requestId": "3z33gkpjwec",
  "method": "GET",
  "url": "/admin/my-projects",
  "statusCode": 403,
  "duration": "1ms",
  "userAgent": "Mozilla/5.0 (Windows NT 10.0; Win64; x64) AppleWebKit/537.36 (KHTML, like Gecko) Chrome/140.0.0.0 Safari/537.36",
  "ip": "::1",
  "userId": "anonymous"
}

[2025-09-19T06:41:29.960Z] WARN: HTTP Request Warning
{
  "requestId": "su9v19wo41m",
  "method": "GET",
  "url": "/admin/my-projects",
  "statusCode": 403,
  "duration": "2ms",
  "userAgent": "Mozilla/5.0 (Windows NT 10.0; Win64; x64) AppleWebKit/537.36 (KHTML, like Gecko) Chrome/140.0.0.0 Safari/537.36",
  "ip": "::1",
  "userId": "anonymous"
}

[2025-09-19T06:41:54.647Z] WARN: HTTP Request Warning
{
  "requestId": "vrmtbinniu",
  "method": "GET",
  "url": "/my-profits?projectId=PROJECT_1758094236622_c44443be",
  "statusCode": 403,
  "duration": "1ms",
  "userAgent": "Mozilla/5.0 (Windows NT 10.0; Win64; x64) AppleWebKit/537.36 (KHTML, like Gecko) Chrome/140.0.0.0 Safari/537.36",
  "ip": "::1",
  "userId": "anonymous"
}

[2025-09-19T06:41:54.652Z] WARN: HTTP Request Warning
{
  "requestId": "hkei9i45je",
  "method": "GET",
  "url": "/my-profits?projectId=PROJECT_1758094236622_c44443be",
  "statusCode": 403,
  "duration": "2ms",
  "userAgent": "Mozilla/5.0 (Windows NT 10.0; Win64; x64) AppleWebKit/537.36 (KHTML, like Gecko) Chrome/140.0.0.0 Safari/537.36",
  "ip": "::1",
  "userId": "anonymous"
}

[2025-09-19T06:41:55.912Z] WARN: HTTP Request Warning
{
  "requestId": "mq3thv4hcb",
  "method": "GET",
  "url": "/admin/my-projects",
  "statusCode": 403,
  "duration": "1ms",
  "userAgent": "Mozilla/5.0 (Windows NT 10.0; Win64; x64) AppleWebKit/537.36 (KHTML, like Gecko) Chrome/140.0.0.0 Safari/537.36",
  "ip": "::1",
  "userId": "anonymous"
}

[2025-09-19T06:41:55.917Z] WARN: HTTP Request Warning
{
  "requestId": "vkt3yc6pbap",
  "method": "GET",
  "url": "/admin/my-projects",
  "statusCode": 403,
  "duration": "0ms",
  "userAgent": "Mozilla/5.0 (Windows NT 10.0; Win64; x64) AppleWebKit/537.36 (KHTML, like Gecko) Chrome/140.0.0.0 Safari/537.36",
  "ip": "::1",
  "userId": "anonymous"
}

[2025-09-19T06:41:56.505Z] WARN: HTTP Request Warning
{
  "requestId": "c1j249hi3g",
  "method": "GET",
  "url": "/my-profits?projectId=PROJECT_1758094236622_c44443be",
  "statusCode": 403,
  "duration": "2ms",
  "userAgent": "Mozilla/5.0 (Windows NT 10.0; Win64; x64) AppleWebKit/537.36 (KHTML, like Gecko) Chrome/140.0.0.0 Safari/537.36",
  "ip": "::1",
  "userId": "anonymous"
}

[2025-09-19T06:41:56.509Z] WARN: HTTP Request Warning
{
  "requestId": "h9jfvv5fwzg",
  "method": "GET",
  "url": "/my-profits?projectId=PROJECT_1758094236622_c44443be",
  "statusCode": 403,
  "duration": "1ms",
  "userAgent": "Mozilla/5.0 (Windows NT 10.0; Win64; x64) AppleWebKit/537.36 (KHTML, like Gecko) Chrome/140.0.0.0 Safari/537.36",
  "ip": "::1",
  "userId": "anonymous"
}

[2025-09-19T06:42:02.128Z] WARN: HTTP Request Warning
{
  "requestId": "58tktari5c",
  "method": "GET",
  "url": "/admin/my-projects",
  "statusCode": 403,
  "duration": "1ms",
  "userAgent": "Mozilla/5.0 (Windows NT 10.0; Win64; x64) AppleWebKit/537.36 (KHTML, like Gecko) Chrome/140.0.0.0 Safari/537.36",
  "ip": "::1",
  "userId": "anonymous"
}

[2025-09-19T06:42:02.132Z] WARN: HTTP Request Warning
{
  "requestId": "4ft68z9zf6m",
  "method": "GET",
  "url": "/admin/my-projects",
  "statusCode": 403,
  "duration": "2ms",
  "userAgent": "Mozilla/5.0 (Windows NT 10.0; Win64; x64) AppleWebKit/537.36 (KHTML, like Gecko) Chrome/140.0.0.0 Safari/537.36",
  "ip": "::1",
  "userId": "anonymous"
}

[2025-09-19T06:43:05.539Z] WARN: HTTP Request Warning
{
  "requestId": "z958li9i2lk",
  "method": "GET",
  "url": "/admin/my-projects",
  "statusCode": 401,
  "duration": "1ms",
  "userAgent": "Mozilla/5.0 (Windows NT 10.0; Win64; x64) AppleWebKit/537.36 (KHTML, like Gecko) Chrome/140.0.0.0 Safari/537.36",
  "ip": "::1",
  "userId": "anonymous"
}

[2025-09-19T06:54:04.339Z] WARN: HTTP Request Warning
{
  "requestId": "mvwe6mj51hl",
  "method": "GET",
  "url": "/admin/all?limit=100",
  "statusCode": 500,
  "duration": "41ms",
  "userAgent": "Mozilla/5.0 (Windows NT 10.0; Win64; x64) AppleWebKit/537.36 (KHTML, like Gecko) Chrome/140.0.0.0 Safari/537.36",
  "ip": "::1",
  "userId": 2
}

[2025-09-19T06:54:04.362Z] WARN: HTTP Request Warning
{
  "requestId": "j8b7mnp9mz",
  "method": "GET",
  "url": "/admin/all?limit=100",
  "statusCode": 500,
  "duration": "7ms",
  "userAgent": "Mozilla/5.0 (Windows NT 10.0; Win64; x64) AppleWebKit/537.36 (KHTML, like Gecko) Chrome/140.0.0.0 Safari/537.36",
  "ip": "::1",
  "userId": 2
}

[2025-09-19T06:54:58.954Z] WARN: HTTP Request Warning
{
  "requestId": "uie9wlk4c2l",
  "method": "GET",
  "url": "/admin/my-projects",
  "statusCode": 403,
  "duration": "2ms",
  "userAgent": "Mozilla/5.0 (Windows NT 10.0; Win64; x64) AppleWebKit/537.36 (KHTML, like Gecko) Chrome/140.0.0.0 Safari/537.36",
  "ip": "::1",
  "userId": "anonymous"
}

[2025-09-19T06:54:58.957Z] WARN: HTTP Request Warning
{
  "requestId": "cx4if6ww59o",
  "method": "GET",
  "url": "/admin/my-projects",
  "statusCode": 403,
  "duration": "0ms",
  "userAgent": "Mozilla/5.0 (Windows NT 10.0; Win64; x64) AppleWebKit/537.36 (KHTML, like Gecko) Chrome/140.0.0.0 Safari/537.36",
  "ip": "::1",
  "userId": "anonymous"
}

[2025-09-19T06:56:01.475Z] WARN: HTTP Request Warning
{
  "requestId": "zmtz6erf7al",
  "method": "GET",
  "url": "/admin/my-projects",
  "statusCode": 403,
  "duration": "0ms",
  "userAgent": "Mozilla/5.0 (Windows NT 10.0; Win64; x64) AppleWebKit/537.36 (KHTML, like Gecko) Chrome/140.0.0.0 Safari/537.36",
  "ip": "::1",
  "userId": "anonymous"
}

[2025-09-19T06:56:01.480Z] WARN: HTTP Request Warning
{
  "requestId": "6c3boddv3tn",
  "method": "GET",
  "url": "/admin/my-projects",
  "statusCode": 403,
  "duration": "2ms",
  "userAgent": "Mozilla/5.0 (Windows NT 10.0; Win64; x64) AppleWebKit/537.36 (KHTML, like Gecko) Chrome/140.0.0.0 Safari/537.36",
  "ip": "::1",
  "userId": "anonymous"
}

[2025-09-19T07:17:47.427Z] WARN: HTTP Request Warning
{
  "requestId": "w5s44v7o7k",
  "method": "GET",
  "url": "/admin/my-projects",
  "statusCode": 403,
  "duration": "5ms",
  "userAgent": "Mozilla/5.0 (Windows NT 10.0; Win64; x64) AppleWebKit/537.36 (KHTML, like Gecko) Chrome/140.0.0.0 Safari/537.36",
  "ip": "::1",
  "userId": 1
}

[2025-09-19T07:31:31.732Z] WARN: HTTP Request Warning
{
  "requestId": "4sswfp9cspa",
  "method": "GET",
  "url": "/admin/all?limit=100",
  "statusCode": 500,
  "duration": "25ms",
  "userAgent": "Mozilla/5.0 (Windows NT 10.0; Win64; x64) AppleWebKit/537.36 (KHTML, like Gecko) Chrome/140.0.0.0 Safari/537.36",
  "ip": "::1",
  "userId": 2
}

[2025-09-19T07:31:31.762Z] WARN: HTTP Request Warning
{
  "requestId": "rv0qqcblt7b",
  "method": "GET",
  "url": "/admin/all?limit=100",
  "statusCode": 500,
  "duration": "12ms",
  "userAgent": "Mozilla/5.0 (Windows NT 10.0; Win64; x64) AppleWebKit/537.36 (KHTML, like Gecko) Chrome/140.0.0.0 Safari/537.36",
  "ip": "::1",
  "userId": 2
}

[2025-09-19T07:31:31.774Z] WARN: HTTP Request Warning
{
  "requestId": "mw18ossr54",
  "method": "GET",
  "url": "/admin/all?limit=100",
  "statusCode": 500,
  "duration": "8ms",
  "userAgent": "Mozilla/5.0 (Windows NT 10.0; Win64; x64) AppleWebKit/537.36 (KHTML, like Gecko) Chrome/140.0.0.0 Safari/537.36",
  "ip": "::1",
  "userId": 2
}

[2025-09-19T07:32:02.371Z] WARN: HTTP Request Warning
{
  "requestId": "nfnkigd1dhq",
  "method": "GET",
  "url": "/admin/all?limit=100",
  "statusCode": 500,
  "duration": "6ms",
  "userAgent": "Mozilla/5.0 (Windows NT 10.0; Win64; x64) AppleWebKit/537.36 (KHTML, like Gecko) Chrome/140.0.0.0 Safari/537.36",
  "ip": "::1",
  "userId": 2
}

[2025-09-19T07:32:02.381Z] WARN: HTTP Request Warning
{
  "requestId": "u0m8yueeqi",
  "method": "GET",
  "url": "/admin/all?limit=100",
  "statusCode": 500,
  "duration": "4ms",
  "userAgent": "Mozilla/5.0 (Windows NT 10.0; Win64; x64) AppleWebKit/537.36 (KHTML, like Gecko) Chrome/140.0.0.0 Safari/537.36",
  "ip": "::1",
  "userId": 2
}

[2025-09-19T07:32:24.355Z] WARN: HTTP Request Warning
{
  "requestId": "m5j0snwe0oi",
  "method": "GET",
  "url": "/admin/all?limit=100",
  "statusCode": 500,
  "duration": "7ms",
  "userAgent": "Mozilla/5.0 (Windows NT 10.0; Win64; x64) AppleWebKit/537.36 (KHTML, like Gecko) Chrome/140.0.0.0 Safari/537.36",
  "ip": "::1",
  "userId": 2
}

[2025-09-19T07:34:16.419Z] WARN: HTTP Request Warning
{
  "requestId": "3i73li53qln",
  "method": "GET",
  "url": "/admin/my-projects",
  "statusCode": 401,
  "duration": "2ms",
  "userAgent": "Mozilla/5.0 (Windows NT 10.0; Win64; x64) AppleWebKit/537.36 (KHTML, like Gecko) Chrome/140.0.0.0 Safari/537.36",
  "ip": "::1",
  "userId": "anonymous"
}

[2025-09-19T08:21:41.972Z] WARN: HTTP Request Warning
{
  "requestId": "ujkqs5frs5",
  "method": "GET",
  "url": "/admin/all?limit=100",
  "statusCode": 500,
  "duration": "113ms",
  "userAgent": "Mozilla/5.0 (Windows NT 10.0; Win64; x64) AppleWebKit/537.36 (KHTML, like Gecko) Chrome/140.0.0.0 Safari/537.36",
  "ip": "::1",
  "userId": 2
}

[2025-09-19T08:21:41.994Z] WARN: HTTP Request Warning
{
  "requestId": "f3n8ql4wpze",
  "method": "GET",
  "url": "/admin/all?limit=100",
  "statusCode": 500,
  "duration": "12ms",
  "userAgent": "Mozilla/5.0 (Windows NT 10.0; Win64; x64) AppleWebKit/537.36 (KHTML, like Gecko) Chrome/140.0.0.0 Safari/537.36",
  "ip": "::1",
  "userId": 2
}

[2025-09-19T08:21:54.680Z] WARN: HTTP Request Warning
{
  "requestId": "cg0iu8krek",
  "method": "GET",
  "url": "/admin/my-projects",
  "statusCode": 403,
  "duration": "1ms",
  "userAgent": "Mozilla/5.0 (Windows NT 10.0; Win64; x64) AppleWebKit/537.36 (KHTML, like Gecko) Chrome/140.0.0.0 Safari/537.36",
  "ip": "::1",
  "userId": "anonymous"
}

[2025-09-19T08:21:54.685Z] WARN: HTTP Request Warning
{
  "requestId": "gqz6kgw1j3",
  "method": "GET",
  "url": "/admin/my-projects",
  "statusCode": 403,
  "duration": "2ms",
  "userAgent": "Mozilla/5.0 (Windows NT 10.0; Win64; x64) AppleWebKit/537.36 (KHTML, like Gecko) Chrome/140.0.0.0 Safari/537.36",
  "ip": "::1",
  "userId": "anonymous"
}

[2025-09-19T08:22:38.878Z] WARN: HTTP Request Warning
{
  "requestId": "43fylls9eae",
  "method": "GET",
  "url": "/admin/all?limit=100",
  "statusCode": 500,
  "duration": "9ms",
  "userAgent": "Mozilla/5.0 (Windows NT 10.0; Win64; x64) AppleWebKit/537.36 (KHTML, like Gecko) Chrome/140.0.0.0 Safari/537.36",
  "ip": "::1",
  "userId": 2
}

[2025-09-19T08:22:38.895Z] WARN: HTTP Request Warning
{
  "requestId": "4sy7koq487n",
  "method": "GET",
  "url": "/admin/all?limit=100",
  "statusCode": 500,
  "duration": "12ms",
  "userAgent": "Mozilla/5.0 (Windows NT 10.0; Win64; x64) AppleWebKit/537.36 (KHTML, like Gecko) Chrome/140.0.0.0 Safari/537.36",
  "ip": "::1",
  "userId": 2
}

[2025-09-23T02:12:13.917Z] WARN: HTTP Request Warning
{
  "requestId": "oz459ksxse",
  "method": "GET",
  "url": "/admin/all?limit=100",
  "statusCode": 500,
  "duration": "73ms",
  "userAgent": "Mozilla/5.0 (Windows NT 10.0; Win64; x64) AppleWebKit/537.36 (KHTML, like Gecko) Chrome/140.0.0.0 Safari/537.36",
  "ip": "::1",
  "userId": 2
}

[2025-09-23T02:12:13.956Z] WARN: HTTP Request Warning
{
  "requestId": "x38i21vadb",
  "method": "GET",
  "url": "/admin/all?limit=100",
  "statusCode": 500,
  "duration": "18ms",
  "userAgent": "Mozilla/5.0 (Windows NT 10.0; Win64; x64) AppleWebKit/537.36 (KHTML, like Gecko) Chrome/140.0.0.0 Safari/537.36",
  "ip": "::1",
  "userId": 2
}

[2025-09-23T02:12:55.430Z] WARN: HTTP Request Warning
{
  "requestId": "s4vcfx7ojs",
  "method": "GET",
  "url": "/admin/my-projects",
  "statusCode": 403,
  "duration": "6ms",
  "userAgent": "Mozilla/5.0 (Windows NT 10.0; Win64; x64) AppleWebKit/537.36 (KHTML, like Gecko) Chrome/140.0.0.0 Safari/537.36",
  "ip": "::1",
  "userId": "anonymous"
}

[2025-09-23T02:12:55.440Z] WARN: HTTP Request Warning
{
  "requestId": "yfs7fapyxhk",
  "method": "GET",
  "url": "/admin/my-projects",
  "statusCode": 403,
  "duration": "5ms",
  "userAgent": "Mozilla/5.0 (Windows NT 10.0; Win64; x64) AppleWebKit/537.36 (KHTML, like Gecko) Chrome/140.0.0.0 Safari/537.36",
  "ip": "::1",
  "userId": "anonymous"
}

[2025-09-23T02:13:11.156Z] WARN: HTTP Request Warning
{
  "requestId": "6aybcu3efiw",
  "method": "GET",
  "url": "/admin/my-projects",
  "statusCode": 403,
  "duration": "1ms",
  "userAgent": "Mozilla/5.0 (Windows NT 10.0; Win64; x64) AppleWebKit/537.36 (KHTML, like Gecko) Chrome/140.0.0.0 Safari/537.36",
  "ip": "::1",
  "userId": "anonymous"
}

[2025-09-23T02:13:11.166Z] WARN: HTTP Request Warning
{
  "requestId": "i0ucp8ua6r",
  "method": "GET",
  "url": "/admin/my-projects",
  "statusCode": 403,
  "duration": "1ms",
  "userAgent": "Mozilla/5.0 (Windows NT 10.0; Win64; x64) AppleWebKit/537.36 (KHTML, like Gecko) Chrome/140.0.0.0 Safari/537.36",
  "ip": "::1",
  "userId": "anonymous"
}

[2025-09-23T02:13:14.543Z] WARN: HTTP Request Warning
{
  "requestId": "z8lyfi2zz8",
  "method": "GET",
  "url": "/my-profits?projectId=PROJECT_1758263943879_3026bc2a",
  "statusCode": 403,
  "duration": "3ms",
  "userAgent": "Mozilla/5.0 (Windows NT 10.0; Win64; x64) AppleWebKit/537.36 (KHTML, like Gecko) Chrome/140.0.0.0 Safari/537.36",
  "ip": "::1",
  "userId": "anonymous"
}

[2025-09-23T02:13:14.551Z] WARN: HTTP Request Warning
{
  "requestId": "sv69qfflc3",
  "method": "GET",
  "url": "/my-profits?projectId=PROJECT_1758263943879_3026bc2a",
  "statusCode": 403,
  "duration": "2ms",
  "userAgent": "Mozilla/5.0 (Windows NT 10.0; Win64; x64) AppleWebKit/537.36 (KHTML, like Gecko) Chrome/140.0.0.0 Safari/537.36",
  "ip": "::1",
  "userId": "anonymous"
}

[2025-09-23T02:13:18.672Z] WARN: HTTP Request Warning
{
  "requestId": "lh51gh8yyu8",
  "method": "GET",
  "url": "/my-profits?projectId=PROJECT_1758263943879_3026bc2a",
  "statusCode": 403,
  "duration": "2ms",
  "userAgent": "Mozilla/5.0 (Windows NT 10.0; Win64; x64) AppleWebKit/537.36 (KHTML, like Gecko) Chrome/140.0.0.0 Safari/537.36",
  "ip": "::1",
  "userId": "anonymous"
}

[2025-09-23T02:13:19.887Z] WARN: HTTP Request Warning
{
  "requestId": "p0ejxafwabc",
  "method": "GET",
  "url": "/my-profits?projectId=PROJECT_1758263943879_3026bc2a",
  "statusCode": 403,
  "duration": "2ms",
  "userAgent": "Mozilla/5.0 (Windows NT 10.0; Win64; x64) AppleWebKit/537.36 (KHTML, like Gecko) Chrome/140.0.0.0 Safari/537.36",
  "ip": "::1",
  "userId": "anonymous"
}

[2025-09-23T02:13:22.851Z] WARN: HTTP Request Warning
{
  "requestId": "ndi1yieugjl",
  "method": "GET",
  "url": "/admin/my-projects",
  "statusCode": 403,
  "duration": "2ms",
  "userAgent": "Mozilla/5.0 (Windows NT 10.0; Win64; x64) AppleWebKit/537.36 (KHTML, like Gecko) Chrome/140.0.0.0 Safari/537.36",
  "ip": "::1",
  "userId": "anonymous"
}

[2025-09-23T02:13:22.861Z] WARN: HTTP Request Warning
{
  "requestId": "4wqjs7lkrzp",
  "method": "GET",
  "url": "/admin/my-projects",
  "statusCode": 403,
  "duration": "6ms",
  "userAgent": "Mozilla/5.0 (Windows NT 10.0; Win64; x64) AppleWebKit/537.36 (KHTML, like Gecko) Chrome/140.0.0.0 Safari/537.36",
  "ip": "::1",
  "userId": "anonymous"
}

[2025-09-23T02:15:04.931Z] WARN: HTTP Request Warning
{
  "requestId": "ajv1tge65k6",
  "method": "GET",
  "url": "/my-profits?projectId=PROJECT_1758263943879_3026bc2a",
  "statusCode": 403,
  "duration": "2ms",
  "userAgent": "Mozilla/5.0 (Windows NT 10.0; Win64; x64) AppleWebKit/537.36 (KHTML, like Gecko) Chrome/140.0.0.0 Safari/537.36",
  "ip": "::1",
  "userId": "anonymous"
}

[2025-09-23T02:15:04.960Z] WARN: HTTP Request Warning
{
  "requestId": "hof1hhp90tk",
  "method": "GET",
  "url": "/my-profits?projectId=PROJECT_1758263943879_3026bc2a",
  "statusCode": 403,
  "duration": "4ms",
  "userAgent": "Mozilla/5.0 (Windows NT 10.0; Win64; x64) AppleWebKit/537.36 (KHTML, like Gecko) Chrome/140.0.0.0 Safari/537.36",
  "ip": "::1",
  "userId": "anonymous"
}

[2025-09-23T02:15:05.968Z] WARN: HTTP Request Warning
{
  "requestId": "g4fw3mt047v",
  "method": "GET",
  "url": "/admin/my-projects",
  "statusCode": 403,
  "duration": "2ms",
  "userAgent": "Mozilla/5.0 (Windows NT 10.0; Win64; x64) AppleWebKit/537.36 (KHTML, like Gecko) Chrome/140.0.0.0 Safari/537.36",
  "ip": "::1",
  "userId": "anonymous"
}

[2025-09-23T02:15:05.979Z] WARN: HTTP Request Warning
{
  "requestId": "w8n4brhl02i",
  "method": "GET",
  "url": "/admin/my-projects",
  "statusCode": 403,
  "duration": "3ms",
  "userAgent": "Mozilla/5.0 (Windows NT 10.0; Win64; x64) AppleWebKit/537.36 (KHTML, like Gecko) Chrome/140.0.0.0 Safari/537.36",
  "ip": "::1",
  "userId": "anonymous"
}

[2025-09-23T02:15:06.361Z] WARN: HTTP Request Warning
{
  "requestId": "q5rgmxz5k1k",
  "method": "GET",
  "url": "/my-profits?projectId=PROJECT_1758263943879_3026bc2a",
  "statusCode": 403,
  "duration": "1ms",
  "userAgent": "Mozilla/5.0 (Windows NT 10.0; Win64; x64) AppleWebKit/537.36 (KHTML, like Gecko) Chrome/140.0.0.0 Safari/537.36",
  "ip": "::1",
  "userId": "anonymous"
}

[2025-09-23T02:15:06.370Z] WARN: HTTP Request Warning
{
  "requestId": "oqaryp3rryn",
  "method": "GET",
  "url": "/my-profits?projectId=PROJECT_1758263943879_3026bc2a",
  "statusCode": 403,
  "duration": "2ms",
  "userAgent": "Mozilla/5.0 (Windows NT 10.0; Win64; x64) AppleWebKit/537.36 (KHTML, like Gecko) Chrome/140.0.0.0 Safari/537.36",
  "ip": "::1",
  "userId": "anonymous"
}

[2025-09-23T02:15:07.573Z] WARN: HTTP Request Warning
{
  "requestId": "n70chug3gai",
  "method": "GET",
  "url": "/admin/my-projects",
  "statusCode": 403,
  "duration": "5ms",
  "userAgent": "Mozilla/5.0 (Windows NT 10.0; Win64; x64) AppleWebKit/537.36 (KHTML, like Gecko) Chrome/140.0.0.0 Safari/537.36",
  "ip": "::1",
  "userId": "anonymous"
}

[2025-09-23T02:15:07.585Z] WARN: HTTP Request Warning
{
  "requestId": "32fkg2ldmjt",
  "method": "GET",
  "url": "/admin/my-projects",
  "statusCode": 403,
  "duration": "4ms",
  "userAgent": "Mozilla/5.0 (Windows NT 10.0; Win64; x64) AppleWebKit/537.36 (KHTML, like Gecko) Chrome/140.0.0.0 Safari/537.36",
  "ip": "::1",
  "userId": "anonymous"
}

[2025-09-23T02:15:29.529Z] WARN: HTTP Request Warning
{
  "requestId": "wtgxgh0n8h8",
  "method": "GET",
  "url": "/my-profits?projectId=PROJECT_1758263943879_3026bc2a",
  "statusCode": 403,
  "duration": "6ms",
  "userAgent": "Mozilla/5.0 (Windows NT 10.0; Win64; x64) AppleWebKit/537.36 (KHTML, like Gecko) Chrome/140.0.0.0 Safari/537.36",
  "ip": "::1",
  "userId": "anonymous"
}

[2025-09-23T02:15:29.539Z] WARN: HTTP Request Warning
{
  "requestId": "v1p901l2v0l",
  "method": "GET",
  "url": "/my-profits?projectId=PROJECT_1758263943879_3026bc2a",
  "statusCode": 403,
  "duration": "3ms",
  "userAgent": "Mozilla/5.0 (Windows NT 10.0; Win64; x64) AppleWebKit/537.36 (KHTML, like Gecko) Chrome/140.0.0.0 Safari/537.36",
  "ip": "::1",
  "userId": "anonymous"
}

[2025-09-23T02:15:31.023Z] WARN: HTTP Request Warning
{
  "requestId": "999rn5ih3h",
  "method": "GET",
  "url": "/admin/my-projects",
  "statusCode": 403,
  "duration": "2ms",
  "userAgent": "Mozilla/5.0 (Windows NT 10.0; Win64; x64) AppleWebKit/537.36 (KHTML, like Gecko) Chrome/140.0.0.0 Safari/537.36",
  "ip": "::1",
  "userId": "anonymous"
}

[2025-09-23T02:15:31.033Z] WARN: HTTP Request Warning
{
  "requestId": "ulduz98w28",
  "method": "GET",
  "url": "/admin/my-projects",
  "statusCode": 403,
  "duration": "3ms",
  "userAgent": "Mozilla/5.0 (Windows NT 10.0; Win64; x64) AppleWebKit/537.36 (KHTML, like Gecko) Chrome/140.0.0.0 Safari/537.36",
  "ip": "::1",
  "userId": "anonymous"
}

[2025-09-23T02:18:40.831Z] WARN: HTTP Request Warning
{
  "requestId": "h6fok845ix",
  "method": "GET",
  "url": "/admin/my-projects",
  "statusCode": 403,
  "duration": "3ms",
  "userAgent": "Mozilla/5.0 (Windows NT 10.0; Win64; x64) AppleWebKit/537.36 (KHTML, like Gecko) Chrome/140.0.0.0 Safari/537.36",
  "ip": "::1",
  "userId": "anonymous"
}

[2025-09-23T02:18:40.908Z] WARN: HTTP Request Warning
{
  "requestId": "pst0ofbdl5",
  "method": "GET",
  "url": "/admin/my-projects",
  "statusCode": 403,
  "duration": "48ms",
  "userAgent": "Mozilla/5.0 (Windows NT 10.0; Win64; x64) AppleWebKit/537.36 (KHTML, like Gecko) Chrome/140.0.0.0 Safari/537.36",
  "ip": "::1",
  "userId": "anonymous"
}

[2025-09-23T02:22:29.414Z] WARN: HTTP Request Warning
{
  "requestId": "gh97bm90l",
  "method": "GET",
  "url": "/admin/my-projects",
  "statusCode": 403,
  "duration": "1ms",
  "userAgent": "Mozilla/5.0 (Windows NT 10.0; Win64; x64) AppleWebKit/537.36 (KHTML, like Gecko) Chrome/140.0.0.0 Safari/537.36",
  "ip": "::1",
  "userId": "anonymous"
}

[2025-09-23T02:22:39.612Z] WARN: HTTP Request Warning
{
  "requestId": "o9su4ycufgq",
  "method": "GET",
  "url": "/admin/my-projects",
  "statusCode": 403,
  "duration": "1ms",
  "userAgent": "Mozilla/5.0 (Windows NT 10.0; Win64; x64) AppleWebKit/537.36 (KHTML, like Gecko) Chrome/140.0.0.0 Safari/537.36",
  "ip": "::1",
  "userId": "anonymous"
}

[2025-09-23T02:22:39.617Z] WARN: HTTP Request Warning
{
  "requestId": "b1up0rnenkg",
  "method": "GET",
  "url": "/admin/my-projects",
  "statusCode": 403,
  "duration": "2ms",
  "userAgent": "Mozilla/5.0 (Windows NT 10.0; Win64; x64) AppleWebKit/537.36 (KHTML, like Gecko) Chrome/140.0.0.0 Safari/537.36",
  "ip": "::1",
  "userId": "anonymous"
}

[2025-09-23T02:25:01.768Z] WARN: HTTP Request Warning
{
  "requestId": "prha69ilp7e",
  "method": "GET",
  "url": "/admin/my-projects",
  "statusCode": 403,
  "duration": "2ms",
  "userAgent": "Mozilla/5.0 (Windows NT 10.0; Win64; x64) AppleWebKit/537.36 (KHTML, like Gecko) Chrome/140.0.0.0 Safari/537.36",
  "ip": "::1",
  "userId": "anonymous"
}

[2025-09-23T02:25:01.777Z] WARN: HTTP Request Warning
{
  "requestId": "4txffwj13m8",
  "method": "GET",
  "url": "/admin/my-projects",
  "statusCode": 403,
  "duration": "3ms",
  "userAgent": "Mozilla/5.0 (Windows NT 10.0; Win64; x64) AppleWebKit/537.36 (KHTML, like Gecko) Chrome/140.0.0.0 Safari/537.36",
  "ip": "::1",
  "userId": "anonymous"
}

[2025-09-23T02:25:11.381Z] WARN: HTTP Request Warning
{
  "requestId": "nf6rygkzvzg",
  "method": "GET",
  "url": "/admin/my-projects",
  "statusCode": 403,
  "duration": "1ms",
  "userAgent": "Mozilla/5.0 (Windows NT 10.0; Win64; x64) AppleWebKit/537.36 (KHTML, like Gecko) Chrome/140.0.0.0 Safari/537.36",
  "ip": "::1",
  "userId": "anonymous"
}

[2025-09-23T02:25:11.387Z] WARN: HTTP Request Warning
{
  "requestId": "ar9dqkq26sc",
  "method": "GET",
  "url": "/admin/my-projects",
  "statusCode": 403,
  "duration": "1ms",
  "userAgent": "Mozilla/5.0 (Windows NT 10.0; Win64; x64) AppleWebKit/537.36 (KHTML, like Gecko) Chrome/140.0.0.0 Safari/537.36",
  "ip": "::1",
  "userId": "anonymous"
}

[2025-09-23T02:25:45.134Z] WARN: Route not found
{
  "method": "GET",
  "url": "/api/admin/my-projects",
  "ip": "::1",
  "userAgent": "Mozilla/5.0 (Windows NT 10.0; Win64; x64) AppleWebKit/537.36 (KHTML, like Gecko) Chrome/140.0.0.0 Safari/537.36"
}

[2025-09-23T02:25:45.138Z] WARN: HTTP Request Warning
{
  "requestId": "njnl970g3f",
  "method": "GET",
  "url": "/api/admin/my-projects",
  "statusCode": 404,
  "duration": "15ms",
  "userAgent": "Mozilla/5.0 (Windows NT 10.0; Win64; x64) AppleWebKit/537.36 (KHTML, like Gecko) Chrome/140.0.0.0 Safari/537.36",
  "ip": "::1",
  "userId": "anonymous"
}

[2025-09-23T02:25:45.145Z] WARN: Route not found
{
  "method": "GET",
  "url": "/api/admin/my-projects",
  "ip": "::1",
  "userAgent": "Mozilla/5.0 (Windows NT 10.0; Win64; x64) AppleWebKit/537.36 (KHTML, like Gecko) Chrome/140.0.0.0 Safari/537.36"
}

[2025-09-23T02:25:45.149Z] WARN: HTTP Request Warning
{
  "requestId": "cdoua56jl6f",
  "method": "GET",
  "url": "/api/admin/my-projects",
  "statusCode": 404,
  "duration": "3ms",
  "userAgent": "Mozilla/5.0 (Windows NT 10.0; Win64; x64) AppleWebKit/537.36 (KHTML, like Gecko) Chrome/140.0.0.0 Safari/537.36",
  "ip": "::1",
  "userId": "anonymous"
}

[2025-09-23T02:34:34.044Z] WARN: HTTP Request Warning
{
  "requestId": "1fox1x7npl6",
  "method": "GET",
  "url": "/admin/my-projects",
  "statusCode": 403,
  "duration": "2ms",
  "userAgent": "Mozilla/5.0 (Windows NT 10.0; Win64; x64) AppleWebKit/537.36 (KHTML, like Gecko) Chrome/140.0.0.0 Safari/537.36",
  "ip": "::1",
  "userId": "anonymous"
}

[2025-09-23T02:34:34.071Z] WARN: HTTP Request Warning
{
  "requestId": "zvpmht5xrip",
  "method": "GET",
  "url": "/admin/my-projects",
  "statusCode": 403,
  "duration": "3ms",
  "userAgent": "Mozilla/5.0 (Windows NT 10.0; Win64; x64) AppleWebKit/537.36 (KHTML, like Gecko) Chrome/140.0.0.0 Safari/537.36",
  "ip": "::1",
  "userId": "anonymous"
}

[2025-09-23T02:41:34.531Z] WARN: HTTP Request Warning
{
  "requestId": "c9plvedgna",
  "method": "GET",
  "url": "/admin/my-projects",
  "statusCode": 403,
  "duration": "4ms",
  "userAgent": "Mozilla/5.0 (Windows NT 10.0; Win64; x64) AppleWebKit/537.36 (KHTML, like Gecko) Chrome/140.0.0.0 Safari/537.36",
  "ip": "::1",
  "userId": "anonymous"
}

[2025-09-23T02:41:34.571Z] WARN: HTTP Request Warning
{
  "requestId": "1ctmh2rby3d",
  "method": "GET",
  "url": "/admin/my-projects",
  "statusCode": 403,
  "duration": "3ms",
  "userAgent": "Mozilla/5.0 (Windows NT 10.0; Win64; x64) AppleWebKit/537.36 (KHTML, like Gecko) Chrome/140.0.0.0 Safari/537.36",
  "ip": "::1",
  "userId": "anonymous"
}

[2025-09-23T02:42:30.690Z] WARN: HTTP Request Warning
{
  "requestId": "czxmlj5ndg9",
  "method": "GET",
  "url": "/admin/my-projects",
  "statusCode": 403,
  "duration": "2ms",
  "userAgent": "Mozilla/5.0 (Windows NT 10.0; Win64; x64) AppleWebKit/537.36 (KHTML, like Gecko) Chrome/140.0.0.0 Safari/537.36",
  "ip": "::1",
  "userId": "anonymous"
}

[2025-09-23T02:42:30.696Z] WARN: HTTP Request Warning
{
  "requestId": "xndbt6crq1f",
  "method": "GET",
  "url": "/admin/my-projects",
  "statusCode": 403,
  "duration": "2ms",
  "userAgent": "Mozilla/5.0 (Windows NT 10.0; Win64; x64) AppleWebKit/537.36 (KHTML, like Gecko) Chrome/140.0.0.0 Safari/537.36",
  "ip": "::ffff:127.0.0.1",
  "userId": "anonymous"
}

[2025-09-23T02:48:41.797Z] WARN: HTTP Request Warning
{
  "requestId": "a5ujv20tzkf",
  "method": "GET",
  "url": "/my-profits?projectId=PROJECT_1758263943879_3026bc2a",
  "statusCode": 403,
  "duration": "13ms",
  "userAgent": "Mozilla/5.0 (Windows NT 10.0; Win64; x64) AppleWebKit/537.36 (KHTML, like Gecko) Chrome/140.0.0.0 Safari/537.36",
  "ip": "::1",
  "userId": "anonymous"
}

[2025-09-23T02:48:41.817Z] WARN: HTTP Request Warning
{
  "requestId": "d3ulqtonci6",
  "method": "GET",
  "url": "/my-profits?projectId=PROJECT_1758263943879_3026bc2a",
  "statusCode": 403,
  "duration": "6ms",
  "userAgent": "Mozilla/5.0 (Windows NT 10.0; Win64; x64) AppleWebKit/537.36 (KHTML, like Gecko) Chrome/140.0.0.0 Safari/537.36",
  "ip": "::1",
  "userId": "anonymous"
}

[2025-09-23T02:48:43.375Z] WARN: HTTP Request Warning
{
  "requestId": "i47cgmvwjln",
  "method": "GET",
  "url": "/my-profits?projectId=PROJECT_1758263943879_3026bc2a",
  "statusCode": 403,
  "duration": "7ms",
  "userAgent": "Mozilla/5.0 (Windows NT 10.0; Win64; x64) AppleWebKit/537.36 (KHTML, like Gecko) Chrome/140.0.0.0 Safari/537.36",
  "ip": "::1",
  "userId": "anonymous"
}

[2025-09-23T02:48:43.419Z] WARN: HTTP Request Warning
{
  "requestId": "wddobd01as",
  "method": "GET",
  "url": "/my-profits?projectId=PROJECT_1758263943879_3026bc2a",
  "statusCode": 403,
  "duration": "16ms",
  "userAgent": "Mozilla/5.0 (Windows NT 10.0; Win64; x64) AppleWebKit/537.36 (KHTML, like Gecko) Chrome/140.0.0.0 Safari/537.36",
  "ip": "::1",
  "userId": "anonymous"
}

[2025-09-23T02:48:45.435Z] WARN: HTTP Request Warning
{
  "requestId": "tffhxyam5ne",
  "method": "GET",
  "url": "/my-profits?projectId=PROJECT_1758263943879_3026bc2a",
  "statusCode": 403,
  "duration": "2ms",
  "userAgent": "Mozilla/5.0 (Windows NT 10.0; Win64; x64) AppleWebKit/537.36 (KHTML, like Gecko) Chrome/140.0.0.0 Safari/537.36",
  "ip": "::1",
  "userId": "anonymous"
}

[2025-09-23T02:48:45.446Z] WARN: HTTP Request Warning
{
  "requestId": "40cx8xda0pn",
  "method": "GET",
  "url": "/my-profits?projectId=PROJECT_1758263943879_3026bc2a",
  "statusCode": 403,
  "duration": "3ms",
  "userAgent": "Mozilla/5.0 (Windows NT 10.0; Win64; x64) AppleWebKit/537.36 (KHTML, like Gecko) Chrome/140.0.0.0 Safari/537.36",
  "ip": "::1",
  "userId": "anonymous"
}

[2025-09-23T02:49:51.372Z] WARN: HTTP Request Warning
{
  "requestId": "hdzq1609u87",
  "method": "GET",
  "url": "/admin/all?limit=100",
  "statusCode": 500,
  "duration": "86ms",
  "userAgent": "Mozilla/5.0 (Windows NT 10.0; Win64; x64) AppleWebKit/537.36 (KHTML, like Gecko) Chrome/140.0.0.0 Safari/537.36",
  "ip": "::1",
  "userId": 2
}

[2025-09-23T02:49:51.391Z] WARN: HTTP Request Warning
{
  "requestId": "c2p6862otyh",
  "method": "GET",
  "url": "/admin/all?limit=100",
  "statusCode": 500,
  "duration": "11ms",
  "userAgent": "Mozilla/5.0 (Windows NT 10.0; Win64; x64) AppleWebKit/537.36 (KHTML, like Gecko) Chrome/140.0.0.0 Safari/537.36",
  "ip": "::1",
  "userId": 2
}

[2025-09-23T02:52:57.671Z] WARN: HTTP Request Warning
{
  "requestId": "oqbduk3ok5",
  "method": "GET",
  "url": "/admin/all?limit=100",
  "statusCode": 500,
  "duration": "27ms",
  "userAgent": "Mozilla/5.0 (Windows NT 10.0; Win64; x64) AppleWebKit/537.36 (KHTML, like Gecko) Chrome/140.0.0.0 Safari/537.36",
  "ip": "::1",
  "userId": 2
}

[2025-09-23T02:52:57.684Z] WARN: HTTP Request Warning
{
  "requestId": "xw4g4ri0uv",
  "method": "GET",
  "url": "/admin/all?limit=100",
  "statusCode": 500,
  "duration": "7ms",
  "userAgent": "Mozilla/5.0 (Windows NT 10.0; Win64; x64) AppleWebKit/537.36 (KHTML, like Gecko) Chrome/140.0.0.0 Safari/537.36",
  "ip": "::1",
  "userId": 2
}

[2025-09-23T03:03:31.159Z] WARN: HTTP Request Warning
{
  "requestId": "chmsj6n2fem",
  "method": "GET",
  "url": "/admin/all?limit=100",
  "statusCode": 500,
  "duration": "246ms",
  "userAgent": "Mozilla/5.0 (Windows NT 10.0; Win64; x64) AppleWebKit/537.36 (KHTML, like Gecko) Chrome/140.0.0.0 Safari/537.36",
  "ip": "::1",
  "userId": 2
}

[2025-09-23T03:03:31.205Z] WARN: HTTP Request Warning
{
  "requestId": "gcqrmggv8wp",
  "method": "GET",
  "url": "/admin/all?limit=100",
  "statusCode": 500,
  "duration": "23ms",
  "userAgent": "Mozilla/5.0 (Windows NT 10.0; Win64; x64) AppleWebKit/537.36 (KHTML, like Gecko) Chrome/140.0.0.0 Safari/537.36",
  "ip": "::1",
  "userId": 2
}

[2025-09-23T03:07:20.800Z] WARN: HTTP Request Warning
{
  "requestId": "17hiweebhx8",
  "method": "GET",
  "url": "/admin/all?limit=100",
  "statusCode": 500,
  "duration": "7ms",
  "userAgent": "Mozilla/5.0 (Windows NT 10.0; Win64; x64) AppleWebKit/537.36 (KHTML, like Gecko) Chrome/140.0.0.0 Safari/537.36",
  "ip": "::1",
  "userId": 2
}

[2025-09-23T03:07:20.814Z] WARN: HTTP Request Warning
{
  "requestId": "oxk6d0vq5c",
  "method": "GET",
  "url": "/admin/all?limit=100",
  "statusCode": 500,
  "duration": "8ms",
  "userAgent": "Mozilla/5.0 (Windows NT 10.0; Win64; x64) AppleWebKit/537.36 (KHTML, like Gecko) Chrome/140.0.0.0 Safari/537.36",
  "ip": "::1",
  "userId": 2
}

[2025-09-23T03:08:58.457Z] WARN: HTTP Request Warning
{
  "requestId": "nvwxfzi2xi",
  "method": "GET",
  "url": "/admin/my-projects",
  "statusCode": 401,
  "duration": "1ms",
  "userAgent": "Mozilla/5.0 (Windows NT 10.0; Win64; x64) AppleWebKit/537.36 (KHTML, like Gecko) Chrome/140.0.0.0 Safari/537.36",
  "ip": "::1",
  "userId": "anonymous"
}

[2025-09-23T03:22:42.847Z] WARN: HTTP Request Warning
{
  "requestId": "z9ff7lfcd7s",
  "method": "GET",
  "url": "/admin/all?limit=100",
  "statusCode": 500,
  "duration": "8ms",
  "userAgent": "Mozilla/5.0 (Windows NT 10.0; Win64; x64) AppleWebKit/537.36 (KHTML, like Gecko) Chrome/140.0.0.0 Safari/537.36",
  "ip": "::1",
  "userId": 2
}

[2025-09-23T03:22:42.879Z] WARN: HTTP Request Warning
{
  "requestId": "w4wjh0rvgz",
  "method": "GET",
  "url": "/admin/all?limit=100",
  "statusCode": 500,
  "duration": "19ms",
  "userAgent": "Mozilla/5.0 (Windows NT 10.0; Win64; x64) AppleWebKit/537.36 (KHTML, like Gecko) Chrome/140.0.0.0 Safari/537.36",
  "ip": "::1",
  "userId": 2
}

[2025-09-23T03:22:59.089Z] WARN: HTTP Request Warning
{
  "requestId": "148sh1qfoxaj",
  "method": "GET",
  "url": "/my-profits?projectId=PROJECT_1758263943879_3026bc2a",
  "statusCode": 403,
  "duration": "2ms",
  "userAgent": "Mozilla/5.0 (Windows NT 10.0; Win64; x64) AppleWebKit/537.36 (KHTML, like Gecko) Chrome/140.0.0.0 Safari/537.36",
  "ip": "::1",
  "userId": "anonymous"
}

[2025-09-23T03:22:59.094Z] WARN: HTTP Request Warning
{
  "requestId": "4z1zi5p6kim",
  "method": "GET",
  "url": "/my-profits?projectId=PROJECT_1758263943879_3026bc2a",
  "statusCode": 403,
  "duration": "2ms",
  "userAgent": "Mozilla/5.0 (Windows NT 10.0; Win64; x64) AppleWebKit/537.36 (KHTML, like Gecko) Chrome/140.0.0.0 Safari/537.36",
  "ip": "::1",
  "userId": "anonymous"
}

[2025-09-23T03:31:02.743Z] WARN: HTTP Request Warning
{
  "requestId": "4l2nmqa59uh",
  "method": "GET",
  "url": "/my-profits?projectId=PROJECT_1758263943879_3026bc2a",
  "statusCode": 403,
  "duration": "1ms",
  "userAgent": "Mozilla/5.0 (Windows NT 10.0; Win64; x64) AppleWebKit/537.36 (KHTML, like Gecko) Chrome/140.0.0.0 Safari/537.36",
  "ip": "::1",
  "userId": "anonymous"
}

[2025-09-23T03:31:02.847Z] WARN: HTTP Request Warning
{
  "requestId": "frsm9orsm97",
  "method": "GET",
  "url": "/my-profits?projectId=PROJECT_1758263943879_3026bc2a",
  "statusCode": 403,
  "duration": "1ms",
  "userAgent": "Mozilla/5.0 (Windows NT 10.0; Win64; x64) AppleWebKit/537.36 (KHTML, like Gecko) Chrome/140.0.0.0 Safari/537.36",
  "ip": "::1",
  "userId": "anonymous"
}

[2025-09-23T04:00:42.094Z] WARN: HTTP Request Warning
{
  "requestId": "b9k4s22biej",
  "method": "GET",
  "url": "/admin/all?limit=100",
  "statusCode": 500,
  "duration": "41ms",
  "userAgent": "Mozilla/5.0 (Windows NT 10.0; Win64; x64) AppleWebKit/537.36 (KHTML, like Gecko) Chrome/140.0.0.0 Safari/537.36",
  "ip": "::1",
  "userId": 2
}

[2025-09-23T04:00:42.149Z] WARN: HTTP Request Warning
{
  "requestId": "o6inqygdj1n",
  "method": "GET",
  "url": "/admin/all?limit=100",
  "statusCode": 500,
  "duration": "13ms",
  "userAgent": "Mozilla/5.0 (Windows NT 10.0; Win64; x64) AppleWebKit/537.36 (KHTML, like Gecko) Chrome/140.0.0.0 Safari/537.36",
  "ip": "::1",
  "userId": 2
}

[2025-09-23T04:12:08.380Z] WARN: HTTP Request Warning
{
  "requestId": "cbca3ynfjxm",
  "method": "GET",
  "url": "/admin/all?limit=100",
  "statusCode": 500,
  "duration": "9ms",
  "userAgent": "Mozilla/5.0 (Windows NT 10.0; Win64; x64) AppleWebKit/537.36 (KHTML, like Gecko) Chrome/140.0.0.0 Safari/537.36",
  "ip": "::1",
  "userId": 2
}

[2025-09-23T04:12:08.396Z] WARN: HTTP Request Warning
{
  "requestId": "4kav31n4jyd",
  "method": "GET",
  "url": "/admin/all?limit=100",
  "statusCode": 500,
  "duration": "10ms",
  "userAgent": "Mozilla/5.0 (Windows NT 10.0; Win64; x64) AppleWebKit/537.36 (KHTML, like Gecko) Chrome/140.0.0.0 Safari/537.36",
  "ip": "::1",
  "userId": 2
}

[2025-09-23T04:12:13.616Z] WARN: HTTP Request Warning
{
  "requestId": "dt620axldlh",
  "method": "GET",
  "url": "/my-profits?projectId=PROJECT_1758263943879_3026bc2a",
  "statusCode": 403,
  "duration": "3ms",
  "userAgent": "Mozilla/5.0 (Windows NT 10.0; Win64; x64) AppleWebKit/537.36 (KHTML, like Gecko) Chrome/140.0.0.0 Safari/537.36",
  "ip": "::1",
  "userId": "anonymous"
}

[2025-09-23T04:12:13.620Z] WARN: HTTP Request Warning
{
  "requestId": "b3u5utvz6fp",
  "method": "GET",
  "url": "/my-profits?projectId=PROJECT_1758263943879_3026bc2a",
  "statusCode": 403,
  "duration": "1ms",
  "userAgent": "Mozilla/5.0 (Windows NT 10.0; Win64; x64) AppleWebKit/537.36 (KHTML, like Gecko) Chrome/140.0.0.0 Safari/537.36",
  "ip": "::1",
  "userId": "anonymous"
}

[2025-09-23T04:12:16.814Z] WARN: HTTP Request Warning
{
  "requestId": "cv1lc6mrvkr",
  "method": "GET",
  "url": "/my-profits?projectId=PROJECT_1758263943879_3026bc2a",
  "statusCode": 403,
  "duration": "1ms",
  "userAgent": "Mozilla/5.0 (Windows NT 10.0; Win64; x64) AppleWebKit/537.36 (KHTML, like Gecko) Chrome/140.0.0.0 Safari/537.36",
  "ip": "::1",
  "userId": "anonymous"
}

[2025-09-23T04:12:18.129Z] WARN: HTTP Request Warning
{
  "requestId": "z1okf6uolh",
  "method": "GET",
  "url": "/my-profits?projectId=PROJECT_1758263943879_3026bc2a",
  "statusCode": 403,
  "duration": "1ms",
  "userAgent": "Mozilla/5.0 (Windows NT 10.0; Win64; x64) AppleWebKit/537.36 (KHTML, like Gecko) Chrome/140.0.0.0 Safari/537.36",
  "ip": "::1",
  "userId": "anonymous"
}

[2025-09-23T04:25:44.425Z] WARN: HTTP Request Warning
{
  "requestId": "lk3f3jnfvam",
  "method": "GET",
  "url": "/admin/all?limit=100",
  "statusCode": 500,
  "duration": "14ms",
  "userAgent": "Mozilla/5.0 (Windows NT 10.0; Win64; x64) AppleWebKit/537.36 (KHTML, like Gecko) Chrome/140.0.0.0 Safari/537.36",
  "ip": "::1",
  "userId": 2
}

[2025-09-23T04:25:44.440Z] WARN: HTTP Request Warning
{
  "requestId": "sebf8lvsbxf",
  "method": "GET",
  "url": "/admin/all?limit=100",
  "statusCode": 500,
  "duration": "9ms",
  "userAgent": "Mozilla/5.0 (Windows NT 10.0; Win64; x64) AppleWebKit/537.36 (KHTML, like Gecko) Chrome/140.0.0.0 Safari/537.36",
  "ip": "::1",
  "userId": 2
}

[2025-09-23T04:29:11.394Z] WARN: HTTP Request Warning
{
  "requestId": "wt7eohktvj",
  "method": "GET",
  "url": "/admin/all?limit=100",
  "statusCode": 500,
  "duration": "10ms",
  "userAgent": "Mozilla/5.0 (Windows NT 10.0; Win64; x64) AppleWebKit/537.36 (KHTML, like Gecko) Chrome/140.0.0.0 Safari/537.36",
  "ip": "::1",
  "userId": 2
}

[2025-09-23T04:29:11.409Z] WARN: HTTP Request Warning
{
  "requestId": "ikgqrww4jc",
  "method": "GET",
  "url": "/admin/all?limit=100",
  "statusCode": 500,
  "duration": "8ms",
  "userAgent": "Mozilla/5.0 (Windows NT 10.0; Win64; x64) AppleWebKit/537.36 (KHTML, like Gecko) Chrome/140.0.0.0 Safari/537.36",
  "ip": "::1",
  "userId": 2
}

[2025-09-23T04:41:08.186Z] WARN: HTTP Request Warning
{
  "requestId": "shfccm5gmd",
  "method": "GET",
  "url": "/admin/all?limit=100",
  "statusCode": 500,
  "duration": "39ms",
  "userAgent": "Mozilla/5.0 (Windows NT 10.0; Win64; x64) AppleWebKit/537.36 (KHTML, like Gecko) Chrome/140.0.0.0 Safari/537.36",
  "ip": "::1",
  "userId": 2
}

[2025-09-23T04:41:08.206Z] WARN: HTTP Request Warning
{
  "requestId": "h8uz2z14mr4",
  "method": "GET",
  "url": "/admin/all?limit=100",
  "statusCode": 500,
  "duration": "15ms",
  "userAgent": "Mozilla/5.0 (Windows NT 10.0; Win64; x64) AppleWebKit/537.36 (KHTML, like Gecko) Chrome/140.0.0.0 Safari/537.36",
  "ip": "::1",
  "userId": 2
}

[2025-09-23T05:50:13.355Z] WARN: HTTP Request Warning
{
  "requestId": "hzizloq2ggw",
  "method": "GET",
  "url": "/admin/all?limit=100",
  "statusCode": 500,
  "duration": "34ms",
  "userAgent": "Mozilla/5.0 (Windows NT 10.0; Win64; x64) AppleWebKit/537.36 (KHTML, like Gecko) Chrome/140.0.0.0 Safari/537.36",
  "ip": "::1",
  "userId": 2
}

[2025-09-23T05:50:13.366Z] WARN: HTTP Request Warning
{
  "requestId": "3vocb0yukq",
  "method": "GET",
  "url": "/admin/all?limit=100",
  "statusCode": 500,
  "duration": "7ms",
  "userAgent": "Mozilla/5.0 (Windows NT 10.0; Win64; x64) AppleWebKit/537.36 (KHTML, like Gecko) Chrome/140.0.0.0 Safari/537.36",
  "ip": "::1",
  "userId": 2
}

[2025-09-23T05:50:18.695Z] WARN: HTTP Request Warning
{
  "requestId": "6ymsra2kso9",
  "method": "GET",
  "url": "/admin/all?limit=100",
  "statusCode": 500,
  "duration": "19ms",
  "userAgent": "Mozilla/5.0 (Windows NT 10.0; Win64; x64) AppleWebKit/537.36 (KHTML, like Gecko) Chrome/140.0.0.0 Safari/537.36",
  "ip": "::1",
  "userId": 2
}

[2025-09-23T06:22:03.507Z] WARN: HTTP Request Warning
{
  "requestId": "jjfxinetlka",
  "method": "POST",
  "url": "/login",
  "statusCode": 401,
  "duration": "135ms",
  "userAgent": "Mozilla/5.0 (Windows NT 10.0; Win64; x64) AppleWebKit/537.36 (KHTML, like Gecko) Chrome/140.0.0.0 Safari/537.36",
  "ip": "::1",
  "userId": "anonymous"
}

[2025-09-23T06:22:12.258Z] WARN: HTTP Request Warning
{
  "requestId": "8hus2ukala5",
  "method": "GET",
  "url": "/admin/all?limit=100",
  "statusCode": 500,
  "duration": "41ms",
  "userAgent": "Mozilla/5.0 (Windows NT 10.0; Win64; x64) AppleWebKit/537.36 (KHTML, like Gecko) Chrome/140.0.0.0 Safari/537.36",
  "ip": "::1",
  "userId": 2
}

[2025-09-23T06:22:12.267Z] WARN: HTTP Request Warning
{
  "requestId": "if3br7g8n7n",
  "method": "GET",
  "url": "/admin/all?limit=100",
  "statusCode": 500,
  "duration": "5ms",
  "userAgent": "Mozilla/5.0 (Windows NT 10.0; Win64; x64) AppleWebKit/537.36 (KHTML, like Gecko) Chrome/140.0.0.0 Safari/537.36",
  "ip": "::1",
  "userId": 2
}

[2025-09-23T06:22:17.938Z] WARN: Route not found
{
  "method": "GET",
  "url": "/api/profits/check-readiness/PROJECT_1758094236622_c44443be",
  "ip": "::1",
  "userAgent": "Mozilla/5.0 (Windows NT 10.0; Win64; x64) AppleWebKit/537.36 (KHTML, like Gecko) Chrome/140.0.0.0 Safari/537.36"
}

[2025-09-23T06:22:17.940Z] WARN: HTTP Request Warning
{
  "requestId": "n48q63v2bql",
  "method": "GET",
  "url": "/api/profits/check-readiness/PROJECT_1758094236622_c44443be",
  "statusCode": 404,
  "duration": "3ms",
  "userAgent": "Mozilla/5.0 (Windows NT 10.0; Win64; x64) AppleWebKit/537.36 (KHTML, like Gecko) Chrome/140.0.0.0 Safari/537.36",
  "ip": "::1",
  "userId": "anonymous"
}

[2025-09-23T06:22:17.946Z] WARN: Route not found
{
  "method": "GET",
  "url": "/api/profits/check-readiness/PROJECT_1758094236622_c44443be",
  "ip": "::1",
  "userAgent": "Mozilla/5.0 (Windows NT 10.0; Win64; x64) AppleWebKit/537.36 (KHTML, like Gecko) Chrome/140.0.0.0 Safari/537.36"
}

[2025-09-23T06:22:17.948Z] WARN: HTTP Request Warning
{
  "requestId": "i6q7cd61qj",
  "method": "GET",
  "url": "/api/profits/check-readiness/PROJECT_1758094236622_c44443be",
  "statusCode": 404,
  "duration": "2ms",
  "userAgent": "Mozilla/5.0 (Windows NT 10.0; Win64; x64) AppleWebKit/537.36 (KHTML, like Gecko) Chrome/140.0.0.0 Safari/537.36",
  "ip": "::1",
  "userId": "anonymous"
}

[2025-09-23T06:26:15.601Z] WARN: Route not found
{
  "method": "GET",
  "url": "/api/profits/check-readiness/PROJECT_1758094236622_c44443be",
  "ip": "::1",
  "userAgent": "Mozilla/5.0 (Windows NT 10.0; Win64; x64) AppleWebKit/537.36 (KHTML, like Gecko) Chrome/140.0.0.0 Safari/537.36"
}

[2025-09-23T06:26:15.603Z] WARN: HTTP Request Warning
{
  "requestId": "wu8opcdcc1",
  "method": "GET",
  "url": "/api/profits/check-readiness/PROJECT_1758094236622_c44443be",
  "statusCode": 404,
  "duration": "2ms",
  "userAgent": "Mozilla/5.0 (Windows NT 10.0; Win64; x64) AppleWebKit/537.36 (KHTML, like Gecko) Chrome/140.0.0.0 Safari/537.36",
  "ip": "::1",
  "userId": "anonymous"
}

[2025-09-23T06:29:24.845Z] WARN: HTTP Request Warning
{
  "requestId": "da1ld1mo2ak",
  "method": "GET",
  "url": "/admin/all?limit=100",
  "statusCode": 500,
  "duration": "130ms",
  "userAgent": "Mozilla/5.0 (Windows NT 10.0; Win64; x64) AppleWebKit/537.36 (KHTML, like Gecko) Chrome/140.0.0.0 Safari/537.36",
  "ip": "::1",
  "userId": 2
}

[2025-09-23T06:29:24.860Z] WARN: HTTP Request Warning
{
  "requestId": "hsuff1jqfw",
  "method": "GET",
  "url": "/admin/all?limit=100",
  "statusCode": 500,
  "duration": "6ms",
  "userAgent": "Mozilla/5.0 (Windows NT 10.0; Win64; x64) AppleWebKit/537.36 (KHTML, like Gecko) Chrome/140.0.0.0 Safari/537.36",
  "ip": "::1",
  "userId": 2
}

[2025-09-23T06:33:02.661Z] WARN: Route not found
{
  "method": "GET",
  "url": "/api/projects?page=1&limit=12",
  "ip": "::1",
  "userAgent": "Mozilla/5.0 (Windows NT 10.0; Win64; x64) AppleWebKit/537.36 (KHTML, like Gecko) Chrome/140.0.0.0 Safari/537.36"
}

[2025-09-23T06:33:02.664Z] WARN: HTTP Request Warning
{
  "requestId": "g7etc89470j",
  "method": "GET",
  "url": "/api/projects?page=1&limit=12",
  "statusCode": 404,
  "duration": "3ms",
  "userAgent": "Mozilla/5.0 (Windows NT 10.0; Win64; x64) AppleWebKit/537.36 (KHTML, like Gecko) Chrome/140.0.0.0 Safari/537.36",
  "ip": "::1",
  "userId": "anonymous"
}

[2025-09-23T06:33:02.667Z] WARN: Route not found
{
  "method": "GET",
  "url": "/api/projects?page=1&limit=12",
  "ip": "::1",
  "userAgent": "Mozilla/5.0 (Windows NT 10.0; Win64; x64) AppleWebKit/537.36 (KHTML, like Gecko) Chrome/140.0.0.0 Safari/537.36"
}

[2025-09-23T06:33:02.670Z] WARN: HTTP Request Warning
{
  "requestId": "osrz46o54xn",
  "method": "GET",
  "url": "/api/projects?page=1&limit=12",
  "statusCode": 404,
  "duration": "4ms",
  "userAgent": "Mozilla/5.0 (Windows NT 10.0; Win64; x64) AppleWebKit/537.36 (KHTML, like Gecko) Chrome/140.0.0.0 Safari/537.36",
  "ip": "::1",
  "userId": "anonymous"
}

[2025-09-23T06:33:09.732Z] WARN: Route not found
{
  "method": "GET",
  "url": "/api/projects?page=1&limit=12",
  "ip": "::1",
  "userAgent": "Mozilla/5.0 (Windows NT 10.0; Win64; x64) AppleWebKit/537.36 (KHTML, like Gecko) Chrome/140.0.0.0 Safari/537.36"
}

[2025-09-23T06:33:09.734Z] WARN: HTTP Request Warning
{
  "requestId": "fro8xaalihw",
  "method": "GET",
  "url": "/api/projects?page=1&limit=12",
  "statusCode": 404,
  "duration": "2ms",
  "userAgent": "Mozilla/5.0 (Windows NT 10.0; Win64; x64) AppleWebKit/537.36 (KHTML, like Gecko) Chrome/140.0.0.0 Safari/537.36",
  "ip": "::1",
  "userId": "anonymous"
}

[2025-09-23T06:33:09.738Z] WARN: Route not found
{
  "method": "GET",
  "url": "/api/projects?page=1&limit=12",
  "ip": "::1",
  "userAgent": "Mozilla/5.0 (Windows NT 10.0; Win64; x64) AppleWebKit/537.36 (KHTML, like Gecko) Chrome/140.0.0.0 Safari/537.36"
}

[2025-09-23T06:33:09.741Z] WARN: HTTP Request Warning
{
  "requestId": "hkzesqfcjbo",
  "method": "GET",
  "url": "/api/projects?page=1&limit=12",
  "statusCode": 404,
  "duration": "3ms",
  "userAgent": "Mozilla/5.0 (Windows NT 10.0; Win64; x64) AppleWebKit/537.36 (KHTML, like Gecko) Chrome/140.0.0.0 Safari/537.36",
  "ip": "::1",
  "userId": "anonymous"
}

[2025-09-23T06:33:11.955Z] WARN: HTTP Request Warning
{
  "requestId": "czqmkl3d3cq",
  "method": "GET",
  "url": "/admin/all?limit=100",
  "statusCode": 500,
  "duration": "6ms",
  "userAgent": "Mozilla/5.0 (Windows NT 10.0; Win64; x64) AppleWebKit/537.36 (KHTML, like Gecko) Chrome/140.0.0.0 Safari/537.36",
  "ip": "::1",
  "userId": 2
}

[2025-09-23T06:33:11.976Z] WARN: HTTP Request Warning
{
  "requestId": "pp2d711me6a",
  "method": "GET",
  "url": "/admin/all?limit=100",
  "statusCode": 500,
  "duration": "14ms",
  "userAgent": "Mozilla/5.0 (Windows NT 10.0; Win64; x64) AppleWebKit/537.36 (KHTML, like Gecko) Chrome/140.0.0.0 Safari/537.36",
  "ip": "::1",
  "userId": 2
}

[2025-09-23T06:35:37.134Z] WARN: Route not found
{
  "method": "POST",
  "url": "/api/projects",
  "ip": "::1",
  "userAgent": "Mozilla/5.0 (Windows NT 10.0; Win64; x64) AppleWebKit/537.36 (KHTML, like Gecko) Chrome/140.0.0.0 Safari/537.36"
}

[2025-09-23T06:35:37.136Z] WARN: HTTP Request Warning
{
  "requestId": "gqrqbey9z38",
  "method": "POST",
  "url": "/api/projects",
  "statusCode": 404,
  "duration": "3ms",
  "userAgent": "Mozilla/5.0 (Windows NT 10.0; Win64; x64) AppleWebKit/537.36 (KHTML, like Gecko) Chrome/140.0.0.0 Safari/537.36",
  "ip": "::1",
  "userId": "anonymous"
}

[2025-09-23T06:36:03.389Z] WARN: Route not found
{
  "method": "POST",
  "url": "/api/projects",
  "ip": "::1",
  "userAgent": "Mozilla/5.0 (Windows NT 10.0; Win64; x64) AppleWebKit/537.36 (KHTML, like Gecko) Chrome/140.0.0.0 Safari/537.36"
}

[2025-09-23T06:36:03.391Z] WARN: HTTP Request Warning
{
  "requestId": "dvblz75zsbs",
  "method": "POST",
  "url": "/api/projects",
  "statusCode": 404,
  "duration": "2ms",
  "userAgent": "Mozilla/5.0 (Windows NT 10.0; Win64; x64) AppleWebKit/537.36 (KHTML, like Gecko) Chrome/140.0.0.0 Safari/537.36",
  "ip": "::1",
  "userId": "anonymous"
}

[2025-09-23T06:36:04.776Z] WARN: Route not found
{
  "method": "POST",
  "url": "/api/projects",
  "ip": "::1",
  "userAgent": "Mozilla/5.0 (Windows NT 10.0; Win64; x64) AppleWebKit/537.36 (KHTML, like Gecko) Chrome/140.0.0.0 Safari/537.36"
}

[2025-09-23T06:36:04.778Z] WARN: HTTP Request Warning
{
  "requestId": "9aelofn6j2s",
  "method": "POST",
  "url": "/api/projects",
  "statusCode": 404,
  "duration": "3ms",
  "userAgent": "Mozilla/5.0 (Windows NT 10.0; Win64; x64) AppleWebKit/537.36 (KHTML, like Gecko) Chrome/140.0.0.0 Safari/537.36",
  "ip": "::1",
  "userId": "anonymous"
}

[2025-09-23T06:49:19.827Z] WARN: Route not found
{
  "method": "POST",
  "url": "/api/projects",
  "ip": "::1",
  "userAgent": "Mozilla/5.0 (Windows NT 10.0; Win64; x64) AppleWebKit/537.36 (KHTML, like Gecko) Chrome/140.0.0.0 Safari/537.36"
}

[2025-09-23T06:49:21.281Z] WARN: HTTP Request Warning
{
  "requestId": "1ltftapg1y7",
  "method": "POST",
  "url": "/api/projects",
  "statusCode": 404,
  "duration": "1454ms",
  "userAgent": "Mozilla/5.0 (Windows NT 10.0; Win64; x64) AppleWebKit/537.36 (KHTML, like Gecko) Chrome/140.0.0.0 Safari/537.36",
  "ip": "::1",
  "userId": "anonymous"
}

[2025-09-23T06:53:12.926Z] WARN: HTTP Request Warning
{
  "requestId": "pwfrofy1ghn",
  "method": "GET",
  "url": "/admin/my-projects",
  "statusCode": 401,
  "duration": "0ms",
  "userAgent": "Mozilla/5.0 (Windows NT 10.0; Win64; x64) AppleWebKit/537.36 (KHTML, like Gecko) Chrome/140.0.0.0 Safari/537.36",
  "ip": "::1",
  "userId": "anonymous"
}

[2025-09-23T06:53:24.908Z] WARN: Route not found
{
  "method": "GET",
  "url": "/api/projects?page=1&limit=12",
  "ip": "::1",
  "userAgent": "Mozilla/5.0 (Windows NT 10.0; Win64; x64) AppleWebKit/537.36 (KHTML, like Gecko) Chrome/140.0.0.0 Safari/537.36"
}

[2025-09-23T06:53:24.910Z] WARN: HTTP Request Warning
{
  "requestId": "8kubglx9vwf",
  "method": "GET",
  "url": "/api/projects?page=1&limit=12",
  "statusCode": 404,
  "duration": "2ms",
  "userAgent": "Mozilla/5.0 (Windows NT 10.0; Win64; x64) AppleWebKit/537.36 (KHTML, like Gecko) Chrome/140.0.0.0 Safari/537.36",
  "ip": "::1",
  "userId": "anonymous"
}

[2025-09-23T06:53:24.916Z] WARN: Route not found
{
  "method": "GET",
  "url": "/api/projects?page=1&limit=12",
  "ip": "::1",
  "userAgent": "Mozilla/5.0 (Windows NT 10.0; Win64; x64) AppleWebKit/537.36 (KHTML, like Gecko) Chrome/140.0.0.0 Safari/537.36"
}

[2025-09-23T06:53:24.919Z] WARN: HTTP Request Warning
{
  "requestId": "1kvcfuxlt3g",
  "method": "GET",
  "url": "/api/projects?page=1&limit=12",
  "statusCode": 404,
  "duration": "3ms",
  "userAgent": "Mozilla/5.0 (Windows NT 10.0; Win64; x64) AppleWebKit/537.36 (KHTML, like Gecko) Chrome/140.0.0.0 Safari/537.36",
  "ip": "::1",
  "userId": "anonymous"
}

[2025-09-23T06:53:36.207Z] WARN: Route not found
{
  "method": "GET",
  "url": "/api/projects?page=1&limit=12",
  "ip": "::1",
  "userAgent": "Mozilla/5.0 (Windows NT 10.0; Win64; x64) AppleWebKit/537.36 (KHTML, like Gecko) Chrome/140.0.0.0 Safari/537.36"
}

[2025-09-23T06:53:36.209Z] WARN: HTTP Request Warning
{
  "requestId": "xbqr2i1z68o",
  "method": "GET",
  "url": "/api/projects?page=1&limit=12",
  "statusCode": 404,
  "duration": "2ms",
  "userAgent": "Mozilla/5.0 (Windows NT 10.0; Win64; x64) AppleWebKit/537.36 (KHTML, like Gecko) Chrome/140.0.0.0 Safari/537.36",
  "ip": "::1",
  "userId": "anonymous"
}

[2025-09-23T06:53:36.212Z] WARN: Route not found
{
  "method": "GET",
  "url": "/api/projects?page=1&limit=12",
  "ip": "::1",
  "userAgent": "Mozilla/5.0 (Windows NT 10.0; Win64; x64) AppleWebKit/537.36 (KHTML, like Gecko) Chrome/140.0.0.0 Safari/537.36"
}

[2025-09-23T06:53:36.216Z] WARN: HTTP Request Warning
{
  "requestId": "83odxd80yjm",
  "method": "GET",
  "url": "/api/projects?page=1&limit=12",
  "statusCode": 404,
  "duration": "3ms",
  "userAgent": "Mozilla/5.0 (Windows NT 10.0; Win64; x64) AppleWebKit/537.36 (KHTML, like Gecko) Chrome/140.0.0.0 Safari/537.36",
  "ip": "::1",
  "userId": "anonymous"
}

[2025-09-23T06:53:57.794Z] WARN: HTTP Request Warning
{
  "requestId": "xcevq0abpmi",
  "method": "POST",
  "url": "/login",
  "statusCode": 401,
  "duration": "105ms",
  "userAgent": "Mozilla/5.0 (Windows NT 10.0; Win64; x64) AppleWebKit/537.36 (KHTML, like Gecko) Chrome/140.0.0.0 Safari/537.36",
  "ip": "::1",
  "userId": "anonymous"
}

[2025-09-23T06:54:09.614Z] WARN: Route not found
{
  "method": "GET",
  "url": "/api/projects",
  "ip": "::1",
  "userAgent": "Mozilla/5.0 (Windows NT 10.0; Win64; x64) AppleWebKit/537.36 (KHTML, like Gecko) Chrome/140.0.0.0 Safari/537.36"
}

[2025-09-23T06:54:09.621Z] WARN: HTTP Request Warning
{
  "requestId": "uiw51l67yrl",
  "method": "GET",
  "url": "/api/projects",
  "statusCode": 404,
  "duration": "7ms",
  "userAgent": "Mozilla/5.0 (Windows NT 10.0; Win64; x64) AppleWebKit/537.36 (KHTML, like Gecko) Chrome/140.0.0.0 Safari/537.36",
  "ip": "::1",
  "userId": "anonymous"
}

[2025-09-23T06:54:09.624Z] WARN: Route not found
{
  "method": "GET",
  "url": "/api/projects",
  "ip": "::1",
  "userAgent": "Mozilla/5.0 (Windows NT 10.0; Win64; x64) AppleWebKit/537.36 (KHTML, like Gecko) Chrome/140.0.0.0 Safari/537.36"
}

[2025-09-23T06:54:09.630Z] WARN: HTTP Request Warning
{
  "requestId": "7cmnkj10ixg",
  "method": "GET",
  "url": "/api/projects",
  "statusCode": 404,
  "duration": "6ms",
  "userAgent": "Mozilla/5.0 (Windows NT 10.0; Win64; x64) AppleWebKit/537.36 (KHTML, like Gecko) Chrome/140.0.0.0 Safari/537.36",
  "ip": "::1",
  "userId": "anonymous"
}

[2025-09-23T06:54:22.504Z] WARN: Route not found
{
  "method": "GET",
  "url": "/api/projects",
  "ip": "::1",
  "userAgent": "Mozilla/5.0 (Windows NT 10.0; Win64; x64) AppleWebKit/537.36 (KHTML, like Gecko) Chrome/140.0.0.0 Safari/537.36"
}

[2025-09-23T06:54:22.508Z] WARN: HTTP Request Warning
{
  "requestId": "u09vt6we4x",
  "method": "GET",
  "url": "/api/projects",
  "statusCode": 404,
  "duration": "4ms",
  "userAgent": "Mozilla/5.0 (Windows NT 10.0; Win64; x64) AppleWebKit/537.36 (KHTML, like Gecko) Chrome/140.0.0.0 Safari/537.36",
  "ip": "::1",
  "userId": "anonymous"
}

[2025-09-23T06:54:22.516Z] WARN: Route not found
{
  "method": "GET",
  "url": "/api/projects",
  "ip": "::1",
  "userAgent": "Mozilla/5.0 (Windows NT 10.0; Win64; x64) AppleWebKit/537.36 (KHTML, like Gecko) Chrome/140.0.0.0 Safari/537.36"
}

[2025-09-23T06:54:22.522Z] WARN: HTTP Request Warning
{
  "requestId": "r4lza3m7kar",
  "method": "GET",
  "url": "/api/projects",
  "statusCode": 404,
  "duration": "6ms",
  "userAgent": "Mozilla/5.0 (Windows NT 10.0; Win64; x64) AppleWebKit/537.36 (KHTML, like Gecko) Chrome/140.0.0.0 Safari/537.36",
  "ip": "::1",
  "userId": "anonymous"
}

[2025-09-23T06:54:24.807Z] WARN: Route not found
{
  "method": "GET",
  "url": "/api/projects",
  "ip": "::1",
  "userAgent": "Mozilla/5.0 (Windows NT 10.0; Win64; x64) AppleWebKit/537.36 (KHTML, like Gecko) Chrome/140.0.0.0 Safari/537.36"
}

[2025-09-23T06:54:24.810Z] WARN: HTTP Request Warning
{
  "requestId": "wmytoixegb",
  "method": "GET",
  "url": "/api/projects",
  "statusCode": 404,
  "duration": "3ms",
  "userAgent": "Mozilla/5.0 (Windows NT 10.0; Win64; x64) AppleWebKit/537.36 (KHTML, like Gecko) Chrome/140.0.0.0 Safari/537.36",
  "ip": "::1",
  "userId": "anonymous"
}

[2025-09-23T06:54:25.850Z] WARN: Route not found
{
  "method": "GET",
  "url": "/api/projects",
  "ip": "::1",
  "userAgent": "Mozilla/5.0 (Windows NT 10.0; Win64; x64) AppleWebKit/537.36 (KHTML, like Gecko) Chrome/140.0.0.0 Safari/537.36"
}

[2025-09-23T06:54:25.852Z] WARN: HTTP Request Warning
{
  "requestId": "k6ph6heple",
  "method": "GET",
  "url": "/api/projects",
  "statusCode": 404,
  "duration": "2ms",
  "userAgent": "Mozilla/5.0 (Windows NT 10.0; Win64; x64) AppleWebKit/537.36 (KHTML, like Gecko) Chrome/140.0.0.0 Safari/537.36",
  "ip": "::1",
  "userId": "anonymous"
}

[2025-09-23T06:54:26.751Z] WARN: Route not found
{
  "method": "GET",
  "url": "/api/projects",
  "ip": "::1",
  "userAgent": "Mozilla/5.0 (Windows NT 10.0; Win64; x64) AppleWebKit/537.36 (KHTML, like Gecko) Chrome/140.0.0.0 Safari/537.36"
}

[2025-09-23T06:54:26.753Z] WARN: HTTP Request Warning
{
  "requestId": "nrd32k7a3w",
  "method": "GET",
  "url": "/api/projects",
  "statusCode": 404,
  "duration": "2ms",
  "userAgent": "Mozilla/5.0 (Windows NT 10.0; Win64; x64) AppleWebKit/537.36 (KHTML, like Gecko) Chrome/140.0.0.0 Safari/537.36",
  "ip": "::1",
  "userId": "anonymous"
}

[2025-09-23T06:57:21.592Z] WARN: Route not found
{
  "method": "GET",
  "url": "/api/projects",
  "ip": "::1",
  "userAgent": "Mozilla/5.0 (Windows NT 10.0; Win64; x64) AppleWebKit/537.36 (KHTML, like Gecko) Chrome/140.0.0.0 Safari/537.36"
}

[2025-09-23T06:57:21.595Z] WARN: HTTP Request Warning
{
  "requestId": "1wlkb1fysim",
  "method": "GET",
  "url": "/api/projects",
  "statusCode": 404,
  "duration": "3ms",
  "userAgent": "Mozilla/5.0 (Windows NT 10.0; Win64; x64) AppleWebKit/537.36 (KHTML, like Gecko) Chrome/140.0.0.0 Safari/537.36",
  "ip": "::1",
  "userId": "anonymous"
}

[2025-09-23T06:57:22.659Z] WARN: Route not found
{
  "method": "GET",
  "url": "/api/projects",
  "ip": "::1",
  "userAgent": "Mozilla/5.0 (Windows NT 10.0; Win64; x64) AppleWebKit/537.36 (KHTML, like Gecko) Chrome/140.0.0.0 Safari/537.36"
}

[2025-09-23T06:57:22.661Z] WARN: HTTP Request Warning
{
  "requestId": "xkbjhuj4rpf",
  "method": "GET",
  "url": "/api/projects",
  "statusCode": 404,
  "duration": "2ms",
  "userAgent": "Mozilla/5.0 (Windows NT 10.0; Win64; x64) AppleWebKit/537.36 (KHTML, like Gecko) Chrome/140.0.0.0 Safari/537.36",
  "ip": "::1",
  "userId": "anonymous"
}

[2025-09-23T06:57:27.674Z] WARN: Route not found
{
  "method": "GET",
  "url": "/api/projects",
  "ip": "::1",
  "userAgent": "Mozilla/5.0 (Windows NT 10.0; Win64; x64) AppleWebKit/537.36 (KHTML, like Gecko) Chrome/140.0.0.0 Safari/537.36"
}

[2025-09-23T06:57:27.676Z] WARN: HTTP Request Warning
{
  "requestId": "xz6rzet4p9",
  "method": "GET",
  "url": "/api/projects",
  "statusCode": 404,
  "duration": "2ms",
  "userAgent": "Mozilla/5.0 (Windows NT 10.0; Win64; x64) AppleWebKit/537.36 (KHTML, like Gecko) Chrome/140.0.0.0 Safari/537.36",
  "ip": "::1",
  "userId": "anonymous"
}

[2025-09-23T07:16:34.709Z] WARN: Route not found
{
  "method": "GET",
  "url": "/api/projects",
  "ip": "::1",
  "userAgent": "Mozilla/5.0 (Windows NT 10.0; Win64; x64) AppleWebKit/537.36 (KHTML, like Gecko) Chrome/140.0.0.0 Safari/537.36"
}

[2025-09-23T07:16:34.716Z] WARN: HTTP Request Warning
{
  "requestId": "xwemxmhqzz",
  "method": "GET",
  "url": "/api/projects",
  "statusCode": 404,
  "duration": "7ms",
  "userAgent": "Mozilla/5.0 (Windows NT 10.0; Win64; x64) AppleWebKit/537.36 (KHTML, like Gecko) Chrome/140.0.0.0 Safari/537.36",
  "ip": "::1",
  "userId": "anonymous"
}

[2025-09-23T07:16:34.719Z] WARN: Route not found
{
  "method": "GET",
  "url": "/api/projects",
  "ip": "::1",
  "userAgent": "Mozilla/5.0 (Windows NT 10.0; Win64; x64) AppleWebKit/537.36 (KHTML, like Gecko) Chrome/140.0.0.0 Safari/537.36"
}

[2025-09-23T07:16:34.721Z] WARN: HTTP Request Warning
{
  "requestId": "jfvg0vzala",
  "method": "GET",
  "url": "/api/projects",
  "statusCode": 404,
  "duration": "2ms",
  "userAgent": "Mozilla/5.0 (Windows NT 10.0; Win64; x64) AppleWebKit/537.36 (KHTML, like Gecko) Chrome/140.0.0.0 Safari/537.36",
  "ip": "::1",
  "userId": "anonymous"
}

[2025-09-23T07:21:42.626Z] WARN: Route not found
{
  "method": "GET",
  "url": "/api/projects",
  "ip": "::1",
  "userAgent": "Mozilla/5.0 (Windows NT 10.0; Win64; x64) AppleWebKit/537.36 (KHTML, like Gecko) Chrome/140.0.0.0 Safari/537.36"
}

[2025-09-23T07:21:42.629Z] WARN: HTTP Request Warning
{
  "requestId": "mpkwxel3bdm",
  "method": "GET",
  "url": "/api/projects",
  "statusCode": 404,
  "duration": "4ms",
  "userAgent": "Mozilla/5.0 (Windows NT 10.0; Win64; x64) AppleWebKit/537.36 (KHTML, like Gecko) Chrome/140.0.0.0 Safari/537.36",
  "ip": "::1",
  "userId": "anonymous"
}

[2025-09-23T07:21:42.631Z] WARN: Route not found
{
  "method": "GET",
  "url": "/api/projects",
  "ip": "::1",
  "userAgent": "Mozilla/5.0 (Windows NT 10.0; Win64; x64) AppleWebKit/537.36 (KHTML, like Gecko) Chrome/140.0.0.0 Safari/537.36"
}

[2025-09-23T07:21:42.634Z] WARN: HTTP Request Warning
{
  "requestId": "59ziq32ipa6",
  "method": "GET",
  "url": "/api/projects",
  "statusCode": 404,
  "duration": "3ms",
  "userAgent": "Mozilla/5.0 (Windows NT 10.0; Win64; x64) AppleWebKit/537.36 (KHTML, like Gecko) Chrome/140.0.0.0 Safari/537.36",
  "ip": "::1",
  "userId": "anonymous"
}

[2025-09-23T07:25:56.457Z] WARN: Route not found
{
  "method": "GET",
  "url": "/api/projects",
  "ip": "::1",
  "userAgent": "Mozilla/5.0 (Windows NT 10.0; Win64; x64) AppleWebKit/537.36 (KHTML, like Gecko) Chrome/140.0.0.0 Safari/537.36"
}

[2025-09-23T07:25:56.460Z] WARN: HTTP Request Warning
{
  "requestId": "mtoj64akx9",
  "method": "GET",
  "url": "/api/projects",
  "statusCode": 404,
  "duration": "3ms",
  "userAgent": "Mozilla/5.0 (Windows NT 10.0; Win64; x64) AppleWebKit/537.36 (KHTML, like Gecko) Chrome/140.0.0.0 Safari/537.36",
  "ip": "::1",
  "userId": "anonymous"
}

[2025-09-23T07:25:56.462Z] WARN: Route not found
{
  "method": "GET",
  "url": "/api/projects",
  "ip": "::1",
  "userAgent": "Mozilla/5.0 (Windows NT 10.0; Win64; x64) AppleWebKit/537.36 (KHTML, like Gecko) Chrome/140.0.0.0 Safari/537.36"
}

[2025-09-23T07:25:56.464Z] WARN: HTTP Request Warning
{
  "requestId": "2aqdmy5qpec",
  "method": "GET",
  "url": "/api/projects",
  "statusCode": 404,
  "duration": "2ms",
  "userAgent": "Mozilla/5.0 (Windows NT 10.0; Win64; x64) AppleWebKit/537.36 (KHTML, like Gecko) Chrome/140.0.0.0 Safari/537.36",
  "ip": "::1",
  "userId": "anonymous"
}

[2025-09-23T07:25:59.375Z] WARN: Route not found
{
  "method": "GET",
  "url": "/api/projects",
  "ip": "::1",
  "userAgent": "Mozilla/5.0 (Windows NT 10.0; Win64; x64) AppleWebKit/537.36 (KHTML, like Gecko) Chrome/140.0.0.0 Safari/537.36"
}

[2025-09-23T07:25:59.377Z] WARN: HTTP Request Warning
{
  "requestId": "y0q348tmizc",
  "method": "GET",
  "url": "/api/projects",
  "statusCode": 404,
  "duration": "2ms",
  "userAgent": "Mozilla/5.0 (Windows NT 10.0; Win64; x64) AppleWebKit/537.36 (KHTML, like Gecko) Chrome/140.0.0.0 Safari/537.36",
  "ip": "::1",
  "userId": "anonymous"
}

[2025-09-23T07:25:59.379Z] WARN: Route not found
{
  "method": "GET",
  "url": "/api/projects",
  "ip": "::1",
  "userAgent": "Mozilla/5.0 (Windows NT 10.0; Win64; x64) AppleWebKit/537.36 (KHTML, like Gecko) Chrome/140.0.0.0 Safari/537.36"
}

[2025-09-23T07:25:59.380Z] WARN: HTTP Request Warning
{
  "requestId": "nwptq68ttdh",
  "method": "GET",
  "url": "/api/projects",
  "statusCode": 404,
  "duration": "1ms",
  "userAgent": "Mozilla/5.0 (Windows NT 10.0; Win64; x64) AppleWebKit/537.36 (KHTML, like Gecko) Chrome/140.0.0.0 Safari/537.36",
  "ip": "::1",
  "userId": "anonymous"
}

[2025-09-23T07:26:00.557Z] WARN: Route not found
{
  "method": "GET",
  "url": "/api/projects",
  "ip": "::1",
  "userAgent": "Mozilla/5.0 (Windows NT 10.0; Win64; x64) AppleWebKit/537.36 (KHTML, like Gecko) Chrome/140.0.0.0 Safari/537.36"
}

[2025-09-23T07:26:00.559Z] WARN: HTTP Request Warning
{
  "requestId": "1beseqzqwb4",
  "method": "GET",
  "url": "/api/projects",
  "statusCode": 404,
  "duration": "2ms",
  "userAgent": "Mozilla/5.0 (Windows NT 10.0; Win64; x64) AppleWebKit/537.36 (KHTML, like Gecko) Chrome/140.0.0.0 Safari/537.36",
  "ip": "::1",
  "userId": "anonymous"
}

[2025-09-23T07:26:00.561Z] WARN: Route not found
{
  "method": "GET",
  "url": "/api/projects",
  "ip": "::1",
  "userAgent": "Mozilla/5.0 (Windows NT 10.0; Win64; x64) AppleWebKit/537.36 (KHTML, like Gecko) Chrome/140.0.0.0 Safari/537.36"
}

[2025-09-23T07:26:00.563Z] WARN: HTTP Request Warning
{
  "requestId": "cvmb40llmw",
  "method": "GET",
  "url": "/api/projects",
  "statusCode": 404,
  "duration": "3ms",
  "userAgent": "Mozilla/5.0 (Windows NT 10.0; Win64; x64) AppleWebKit/537.36 (KHTML, like Gecko) Chrome/140.0.0.0 Safari/537.36",
  "ip": "::1",
  "userId": "anonymous"
}

[2025-09-23T07:56:00.946Z] WARN: HTTP Request Warning
{
  "requestId": "fiuzh6cn0nf",
  "method": "GET",
  "url": "/admin/all?limit=100",
  "statusCode": 500,
  "duration": "32ms",
  "userAgent": "Mozilla/5.0 (Windows NT 10.0; Win64; x64) AppleWebKit/537.36 (KHTML, like Gecko) Chrome/140.0.0.0 Safari/537.36",
  "ip": "::1",
  "userId": 2
}

[2025-09-23T07:56:00.969Z] WARN: HTTP Request Warning
{
  "requestId": "9ybqpyiggmj",
  "method": "GET",
  "url": "/admin/all?limit=100",
  "statusCode": 500,
  "duration": "4ms",
  "userAgent": "Mozilla/5.0 (Windows NT 10.0; Win64; x64) AppleWebKit/537.36 (KHTML, like Gecko) Chrome/140.0.0.0 Safari/537.36",
  "ip": "::1",
  "userId": 2
}

